@!@!@STARTMSG 2262:0 @!@!@
TLC2 Version 2.16 of 31 December 2020 (rev: cdddf55)
@!@!@ENDMSG 2262 @!@!@
@!@!@STARTMSG 2187:0 @!@!@
Running breadth-first search Model-Checking with fp 49 and seed 1782196160390795283 with 8 workers on 16 cores with 5671MB heap and 12752MB offheap memory [pid: 8086] (Linux 5.15.0-43-generic amd64, AdoptOpenJDK 14.0.1 x86_64, OffHeapDiskFPSet, DiskStateQueue).
@!@!@ENDMSG 2187 @!@!@
@!@!@STARTMSG 2220:0 @!@!@
Starting SANY...
@!@!@ENDMSG 2220 @!@!@
Parsing file /home/tobias/git/typhon/tla/AbstractMempoolSpecFinite.toolbox/CheckingConsistentlyDONE/MC.tla
Parsing file /home/tobias/git/typhon/tla/AbstractMempoolSpecFinite.toolbox/CheckingConsistentlyDONE/AbstractMempoolSpecFinite.tla
Parsing file /opt/TLA+Toolbox/plugins/org.lamport.tlatools_1.0.0.202012311918/tla2sany/StandardModules/TLC.tla
Parsing file /opt/TLA+Toolbox/plugins/org.lamport.tlatools_1.0.0.202012311918/tla2sany/StandardModules/Integers.tla
Parsing file /home/tobias/git/typhon/tla/libs/Functions.tla
Parsing file /usr/local/lib/tlaps/FiniteSets.tla
Parsing file /opt/TLA+Toolbox/plugins/org.lamport.tlatools_1.0.0.202012311918/tla2sany/StandardModules/Naturals.tla
Parsing file /home/tobias/git/typhon/tla/libs/Folds.tla
Parsing file /opt/TLA+Toolbox/plugins/org.lamport.tlatools_1.0.0.202012311918/tla2sany/StandardModules/Sequences.tla
Semantic processing of module Naturals
Semantic processing of module Integers
Semantic processing of module Folds
Semantic processing of module Functions
Semantic processing of module Sequences
Semantic processing of module FiniteSets
Semantic processing of module TLC
Semantic processing of module AbstractMempoolSpecFinite
Semantic processing of module MC
@!@!@STARTMSG 2219:0 @!@!@
SANY finished.
@!@!@ENDMSG 2219 @!@!@
@!@!@STARTMSG 2185:0 @!@!@
Starting... (2022-08-04 11:16:39)
@!@!@ENDMSG 2185 @!@!@
@!@!@STARTMSG 2212:0 @!@!@
Implied-temporal checking--satisfiability problem has 1 branches.
@!@!@ENDMSG 2212 @!@!@
@!@!@STARTMSG 2189:0 @!@!@
Computing initial states...
@!@!@ENDMSG 2189 @!@!@
@!@!@STARTMSG 2190:0 @!@!@
Finished computing initial states: 1 distinct state generated at 2022-08-04 11:16:40.
@!@!@ENDMSG 2190 @!@!@
<<"added ", {1}, "in state", {}, "reaching state", {1}>>
<<"added ", {2}, "in state", {}, "reaching state", {2}>>
<<"added ", {3}, "in state", {}, "reaching state", {3}>>
<<"added ", {2}, "in state", {1}, "reaching state", {1, 2}>>
<<"added ", {1}, "in state", {2}, "reaching state", {1, 2}>>
<<"added ", {4}, "in state", {}, "reaching state", {4}>>
<<"added ", {1, 2}, "in state", {}, "reaching state", {1, 2}>>
<<"added ", {1}, "in state", {3}, "reaching state", {1, 3}>>
<<"added ", {3}, "in state", {2}, "reaching state", {2, 3}>>
<<"added ", {1}, "in state", {4}, "reaching state", {1, 4}>>
<<"added ", {1, 3}, "in state", {}, "reaching state", {1, 3}>>
<<"added ", {3}, "in state", {1}, "reaching state", {1, 3}>>
<<"added ", {3}, "in state", {1, 2}, "reaching state", {1, 2, 3}>>
<<"added ", {4}, "in state", {2}, "reaching state", {2, 4}>>
<<"added ", {2}, "in state", {3}, "reaching state", {2, 3}>>
<<"added ", {1}, "in state", {2, 3}, "reaching state", {1, 2, 3}>>
<<"added ", {2}, "in state", {4}, "reaching state", {2, 4}>>
<<"added ", {4}, "in state", {1}, "reaching state", {1, 4}>>
<<"added ", {1, 4}, "in state", {}, "reaching state", {1, 4}>>
<<"added ", {2}, "in state", {1, 3}, "reaching state", {1, 2, 3}>>
<<"added ", {1, 3}, "in state", {2}, "reaching state", {1, 2, 3}>>
<<"added ", {4}, "in state", {1, 2}, "reaching state", {1, 2, 4}>>
<<"added ", {3}, "in state", {4}, "reaching state", {3, 4}>>
<<"added ", {4}, "in state", {3}, "reaching state", {3, 4}>>
<<"added ", {2, 3}, "in state", {}, "reaching state", {2, 3}>>
<<"added ", {1, 4}, "in state", {2}, "reaching state", {1, 2, 4}>>
<<"added ", {4}, "in state", {2, 3}, "reaching state", {2, 3, 4}>>
<<"added ", {2, 3}, "in state", {1}, "reaching state", {1, 2, 3}>>
<<"added ", {4}, "in state", {1, 3}, "reaching state", {1, 3, 4}>>
<<"added ", {1, 2}, "in state", {3}, "reaching state", {1, 2, 3}>>
<<"added ", {2, 4}, "in state", {1}, "reaching state", {1, 2, 4}>>
<<"added ", {2, 4}, "in state", {}, "reaching state", {2, 4}>>
<<"added ", {1, 2}, "in state", {4}, "reaching state", {1, 2, 4}>>
<<"added ", {3, 4}, "in state", {2}, "reaching state", {2, 3, 4}>>
<<"added ", {3, 4}, "in state", {1}, "reaching state", {1, 3, 4}>>
<<"added ", {1, 4}, "in state", {2, 3}, "reaching state", {1, 2, 3, 4}>>
<<"added ", {3, 4}, "in state", {}, "reaching state", {3, 4}>>
<<"added ", {1, 4}, "in state", {3}, "reaching state", {1, 3, 4}>>
<<"added ", {1, 3}, "in state", {4}, "reaching state", {1, 3, 4}>>
<<"added ", {1, 3, 4}, "in state", {2}, "reaching state", {1, 2, 3, 4}>>
<<"added ", {3, 4}, "in state", {1, 2}, "reaching state", {1, 2, 3, 4}>>
<<"added ", {1, 2, 3}, "in state", {}, "reaching state", {1, 2, 3}>>
<<"added ", {2, 4}, "in state", {1, 3}, "reaching state", {1, 2, 3, 4}>>
<<"added ", {2, 3, 4}, "in state", {1}, "reaching state", {1, 2, 3, 4}>>
<<"added ", {2, 4}, "in state", {3}, "reaching state", {2, 3, 4}>>
<<"added ", {2, 3}, "in state", {4}, "reaching state", {2, 3, 4}>>
<<"added ", {1, 2, 4}, "in state", {}, "reaching state", {1, 2, 4}>>
<<"added ", {1, 3, 4}, "in state", {}, "reaching state", {1, 3, 4}>>
<<"added ", {1, 2, 4}, "in state", {3}, "reaching state", {1, 2, 3, 4}>>
<<"added ", {1}, "in state", {2}, "reaching state", {1, 2}>>
<<"added ", {2, 3, 4}, "in state", {}, "reaching state", {2, 3, 4}>>
<<"added ", {2}, "in state", {1}, "reaching state", {1, 2}>>
<<"added ", {1, 2, 3}, "in state", {4}, "reaching state", {1, 2, 3, 4}>>
<<"added ", {1}, "in state", {2, 3}, "reaching state", {1, 2, 3}>>
<<"added ", {3}, "in state", {1}, "reaching state", {1, 3}>>
<<"added ", {3}, "in state", {1, 2}, "reaching state", {1, 2, 3}>>
<<"added ", {1, 2, 3, 4}, "in state", {}, "reaching state", {1, 2, 3, 4}>>
<<"added ", {2}, "in state", {1, 3}, "reaching state", {1, 2, 3}>>
<<"added ", {3}, "in state", {2}, "reaching state", {2, 3}>>
<<"added ", {4}, "in state", {1}, "reaching state", {1, 4}>>
<<"added ", {1}, "in state", {3}, "reaching state", {1, 3}>>
<<"added ", {1}, "in state", {2, 3}, "reaching state", {1, 2, 3}>>
<<"added ", {2}, "in state", {1, 3}, "reaching state", {1, 2, 3}>>
<<"added ", {1}, "in state", {4}, "reaching state", {1, 4}>>
<<"added ", {1}, "in state", {}, "reaching state", {1}>>
<<"added ", {4}, "in state", {1, 2}, "reaching state", {1, 2, 4}>>
<<"added ", {4}, "in state", {2}, "reaching state", {2, 4}>>
<<"added ", {2}, "in state", {3}, "reaching state", {2, 3}>>
<<"added ", {2, 3}, "in state", {1}, "reaching state", {1, 2, 3}>>
<<"added ", {4}, "in state", {2, 3}, "reaching state", {2, 3, 4}>>
<<"added ", {2}, "in state", {}, "reaching state", {2}>>
<<"added ", {4}, "in state", {1, 3}, "reaching state", {1, 3, 4}>>
<<"added ", {2}, "in state", {4}, "reaching state", {2, 4}>>
<<"added ", {4}, "in state", {1, 2}, "reaching state", {1, 2, 4}>>
<<"added ", {1, 3}, "in state", {2}, "reaching state", {1, 2, 3}>>
<<"added ", {2, 4}, "in state", {1}, "reaching state", {1, 2, 4}>>
<<"added ", {3}, "in state", {}, "reaching state", {3}>>
<<"added ", {4}, "in state", {3}, "reaching state", {3, 4}>>
<<"added ", {4}, "in state", {}, "reaching state", {4}>>
<<"added ", {3}, "in state", {4}, "reaching state", {3, 4}>>
<<"added ", {3, 4}, "in state", {1}, "reaching state", {1, 3, 4}>>
<<"added ", {1, 4}, "in state", {2, 3}, "reaching state", {1, 2, 3, 4}>>
<<"added ", {1, 4}, "in state", {2}, "reaching state", {1, 2, 4}>>
<<"added ", {1, 2}, "in state", {3}, "reaching state", {1, 2, 3}>>
<<"added ", {1, 2}, "in state", {}, "reaching state", {1, 2}>>
<<"added ", {2, 4}, "in state", {1, 3}, "reaching state", {1, 2, 3, 4}>>
<<"added ", {3, 4}, "in state", {1, 2}, "reaching state", {1, 2, 3, 4}>>
<<"added ", {1, 2}, "in state", {4}, "reaching state", {1, 2, 4}>>
<<"added ", {1, 3}, "in state", {}, "reaching state", {1, 3}>>
<<"added ", {2, 3, 4}, "in state", {1}, "reaching state", {1, 2, 3, 4}>>
<<"added ", {1, 4}, "in state", {}, "reaching state", {1, 4}>>
<<"added ", {2, 3, 4}, "in state", {1}, "reaching state", {1, 2, 3, 4}>>
<<"added ", {1, 4}, "in state", {3}, "reaching state", {1, 3, 4}>>
<<"added ", {1, 3}, "in state", {4}, "reaching state", {1, 3, 4}>>
<<"added ", {2, 3}, "in state", {}, "reaching state", {2, 3}>>
<<"added ", {3, 4}, "in state", {2}, "reaching state", {2, 3, 4}>>
<<"added ", {2}, "in state", {1}, "reaching state", {1, 2}>>
<<"added ", {2, 4}, "in state", {}, "reaching state", {2, 4}>>
<<"added ", {2, 4}, "in state", {3}, "reaching state", {2, 3, 4}>>
<<"added ", {2}, "in state", {1, 3}, "reaching state", {1, 2, 3}>>
<<"added ", {1}, "in state", {2, 3}, "reaching state", {1, 2, 3}>>
<<"added ", {3}, "in state", {1}, "reaching state", {1, 3}>>
<<"added ", {2, 3}, "in state", {4}, "reaching state", {2, 3, 4}>>
<<"added ", {3, 4}, "in state", {}, "reaching state", {3, 4}>>
<<"added ", {3}, "in state", {1, 2}, "reaching state", {1, 2, 3}>>
<<"added ", {1, 3, 4}, "in state", {2}, "reaching state", {1, 2, 3, 4}>>
<<"added ", {4}, "in state", {1}, "reaching state", {1, 4}>>
<<"added ", {1, 2, 3}, "in state", {}, "reaching state", {1, 2, 3}>>
<<"added ", {3}, "in state", {1, 2}, "reaching state", {1, 2, 3}>>
<<"added ", {4}, "in state", {1}, "reaching state", {1, 4}>>
<<"added ", {1, 2, 4}, "in state", {3}, "reaching state", {1, 2, 3, 4}>>
<<"added ", {4}, "in state", {1, 3}, "reaching state", {1, 3, 4}>>
<<"added ", {1, 2, 4}, "in state", {}, "reaching state", {1, 2, 4}>>
<<"added ", {1, 2, 3}, "in state", {4}, "reaching state", {1, 2, 3, 4}>>
<<"added ", {4}, "in state", {2, 3}, "reaching state", {2, 3, 4}>>
<<"added ", {4}, "in state", {1, 2}, "reaching state", {1, 2, 4}>>
<<"added ", {1, 3, 4}, "in state", {2}, "reaching state", {1, 2, 3, 4}>>
<<"added ", {1, 2, 4}, "in state", {3}, "reaching state", {1, 2, 3, 4}>>
<<"added ", {1, 3, 4}, "in state", {}, "reaching state", {1, 3, 4}>>
<<"added ", {2, 3}, "in state", {1}, "reaching state", {1, 2, 3}>>
<<"added ", {1, 2, 3}, "in state", {4}, "reaching state", {1, 2, 3, 4}>>
<<"added ", {2, 3, 4}, "in state", {}, "reaching state", {2, 3, 4}>>
<<"added ", {2, 4}, "in state", {1}, "reaching state", {1, 2, 4}>>
<<"added ", {1, 4}, "in state", {2, 3}, "reaching state", {1, 2, 3, 4}>>
<<"added ", {1}, "in state", {2}, "reaching state", {1, 2}>>
<<"added ", {2, 4}, "in state", {1, 3}, "reaching state", {1, 2, 3, 4}>>
<<"added ", {1, 2, 3, 4}, "in state", {}, "reaching state", {1, 2, 3, 4}>>
<<"added ", {1}, "in state", {3}, "reaching state", {1, 3}>>
<<"added ", {3, 4}, "in state", {1}, "reaching state", {1, 3, 4}>>
<<"added ", {1}, "in state", {}, "reaching state", {1}>>
<<"added ", {2}, "in state", {3}, "reaching state", {2, 3}>>
<<"added ", {1, 4}, "in state", {2, 3}, "reaching state", {1, 2, 3, 4}>>
<<"added ", {1}, "in state", {2}, "reaching state", {1, 2}>>
<<"added ", {1}, "in state", {4}, "reaching state", {1, 4}>>
<<"added ", {3, 4}, "in state", {1, 2}, "reaching state", {1, 2, 3, 4}>>
<<"added ", {2}, "in state", {}, "reaching state", {2}>>
<<"added ", {2, 4}, "in state", {1, 3}, "reaching state", {1, 2, 3, 4}>>
<<"added ", {2, 3, 4}, "in state", {1}, "reaching state", {1, 2, 3, 4}>>
<<"added ", {1}, "in state", {4}, "reaching state", {1, 4}>>
<<"added ", {4}, "in state", {3}, "reaching state", {3, 4}>>
<<"added ", {3}, "in state", {2}, "reaching state", {2, 3}>>
<<"added ", {3}, "in state", {}, "reaching state", {3}>>
<<"added ", {2}, "in state", {4}, "reaching state", {2, 4}>>
<<"added ", {2}, "in state", {1}, "reaching state", {1, 2}>>
<<"added ", {1, 2}, "in state", {3}, "reaching state", {1, 2, 3}>>
<<"added ", {4}, "in state", {2}, "reaching state", {2, 4}>>
<<"added ", {4}, "in state", {}, "reaching state", {4}>>
<<"added ", {2}, "in state", {1}, "reaching state", {1, 2}>>
<<"added ", {3}, "in state", {4}, "reaching state", {3, 4}>>
<<"added ", {1}, "in state", {2, 3}, "reaching state", {1, 2, 3}>>
<<"added ", {1, 2}, "in state", {3}, "reaching state", {1, 2, 3}>>
<<"added ", {3}, "in state", {1}, "reaching state", {1, 3}>>
<<"added ", {1, 2}, "in state", {}, "reaching state", {1, 2}>>
<<"added ", {2}, "in state", {1, 3}, "reaching state", {1, 2, 3}>>
<<"added ", {3}, "in state", {1, 2}, "reaching state", {1, 2, 3}>>
<<"added ", {1, 3}, "in state", {2}, "reaching state", {1, 2, 3}>>
<<"added ", {4}, "in state", {1}, "reaching state", {1, 4}>>
<<"added ", {1, 2}, "in state", {4}, "reaching state", {1, 2, 4}>>
<<"added ", {1, 4}, "in state", {3}, "reaching state", {1, 3, 4}>>
<<"added ", {1, 3}, "in state", {}, "reaching state", {1, 3}>>
<<"added ", {4}, "in state", {2, 3}, "reaching state", {2, 3, 4}>>
<<"added ", {4}, "in state", {1, 2}, "reaching state", {1, 2, 4}>>
<<"added ", {4}, "in state", {1, 3}, "reaching state", {1, 3, 4}>>
<<"added ", {4}, "in state", {2, 3}, "reaching state", {2, 3, 4}>>
<<"added ", {1, 4}, "in state", {2}, "reaching state", {1, 2, 4}>>
<<"added ", {1, 3}, "in state", {4}, "reaching state", {1, 3, 4}>>
<<"added ", {1, 4}, "in state", {}, "reaching state", {1, 4}>>
<<"added ", {2, 3}, "in state", {1}, "reaching state", {1, 2, 3}>>
<<"added ", {2, 4}, "in state", {3}, "reaching state", {2, 3, 4}>>
<<"added ", {4}, "in state", {1, 3}, "reaching state", {1, 3, 4}>>
<<"added ", {1, 4}, "in state", {2, 3}, "reaching state", {1, 2, 3, 4}>>
<<"added ", {2, 3}, "in state", {4}, "reaching state", {2, 3, 4}>>
<<"added ", {2, 3}, "in state", {}, "reaching state", {2, 3}>>
<<"added ", {2, 4}, "in state", {1}, "reaching state", {1, 2, 4}>>
<<"added ", {3, 4}, "in state", {2}, "reaching state", {2, 3, 4}>>
<<"added ", {3, 4}, "in state", {1, 2}, "reaching state", {1, 2, 3, 4}>>
<<"added ", {1, 2, 4}, "in state", {3}, "reaching state", {1, 2, 3, 4}>>
<<"added ", {2, 4}, "in state", {}, "reaching state", {2, 4}>>
<<"added ", {2, 4}, "in state", {1, 3}, "reaching state", {1, 2, 3, 4}>>
<<"added ", {1, 2, 3}, "in state", {4}, "reaching state", {1, 2, 3, 4}>>
<<"added ", {3, 4}, "in state", {1}, "reaching state", {1, 3, 4}>>
<<"added ", {3, 4}, "in state", {1, 2}, "reaching state", {1, 2, 3, 4}>>
<<"added ", {1, 3, 4}, "in state", {2}, "reaching state", {1, 2, 3, 4}>>
<<"added ", {3, 4}, "in state", {}, "reaching state", {3, 4}>>
<<"added ", {1}, "in state", {4}, "reaching state", {1, 4}>>
<<"added ", {2, 3, 4}, "in state", {1}, "reaching state", {1, 2, 3, 4}>>
<<"added ", {1}, "in state", {2, 3}, "reaching state", {1, 2, 3}>>
<<"added ", {1, 2, 3}, "in state", {}, "reaching state", {1, 2, 3}>>
<<"added ", {1}, "in state", {3}, "reaching state", {1, 3}>>
<<"added ", {2}, "in state", {4}, "reaching state", {2, 4}>>
<<"added ", {1}, "in state", {2}, "reaching state", {1, 2}>>
<<"added ", {3}, "in state", {1, 2}, "reaching state", {1, 2, 3}>>
<<"added ", {1, 2, 4}, "in state", {}, "reaching state", {1, 2, 4}>>
<<"added ", {4}, "in state", {2, 3}, "reaching state", {2, 3, 4}>>
<<"added ", {2}, "in state", {3}, "reaching state", {2, 3}>>
<<"added ", {3}, "in state", {4}, "reaching state", {3, 4}>>
<<"added ", {2}, "in state", {1, 3}, "reaching state", {1, 2, 3}>>
<<"added ", {2}, "in state", {1}, "reaching state", {1, 2}>>
<<"added ", {4}, "in state", {1, 2}, "reaching state", {1, 2, 4}>>
<<"added ", {2}, "in state", {3}, "reaching state", {2, 3}>>
<<"added ", {1, 3, 4}, "in state", {}, "reaching state", {1, 3, 4}>>
<<"added ", {3}, "in state", {2}, "reaching state", {2, 3}>>
<<"added ", {1, 2}, "in state", {4}, "reaching state", {1, 2, 4}>>
<<"added ", {1, 4}, "in state", {2, 3}, "reaching state", {1, 2, 3, 4}>>
<<"added ", {4}, "in state", {1, 3}, "reaching state", {1, 3, 4}>>
<<"added ", {3}, "in state", {1}, "reaching state", {1, 3}>>
<<"added ", {1, 2}, "in state", {4}, "reaching state", {1, 2, 4}>>
<<"added ", {1, 3, 4}, "in state", {}, "reaching state", {1, 3, 4}>>
<<"added ", {4}, "in state", {3}, "reaching state", {3, 4}>>
<<"added ", {4}, "in state", {2}, "reaching state", {2, 4}>>
<<"added ", {1, 3}, "in state", {4}, "reaching state", {1, 3, 4}>>
<<"added ", {2, 3, 4}, "in state", {}, "reaching state", {2, 3, 4}>>
<<"added ", {3, 4}, "in state", {1, 2}, "reaching state", {1, 2, 3, 4}>>
<<"added ", {4}, "in state", {1}, "reaching state", {1, 4}>>
<<"added ", {2, 4}, "in state", {1, 3}, "reaching state", {1, 2, 3, 4}>>
<<"added ", {1, 2}, "in state", {3}, "reaching state", {1, 2, 3}>>
<<"added ", {1, 3}, "in state", {2}, "reaching state", {1, 2, 3}>>
<<"added ", {2, 3}, "in state", {4}, "reaching state", {2, 3, 4}>>
<<"added ", {1, 2, 3, 4}, "in state", {}, "reaching state", {1, 2, 3, 4}>>
<<"added ", {1, 3}, "in state", {2}, "reaching state", {1, 2, 3}>>
<<"added ", {1, 4}, "in state", {3}, "reaching state", {1, 3, 4}>>
<<"added ", {1, 4}, "in state", {2}, "reaching state", {1, 2, 4}>>
<<"added ", {1, 2, 3}, "in state", {4}, "reaching state", {1, 2, 3, 4}>>
<<"added ", {1}, "in state", {}, "reaching state", {1}>>
<<"added ", {2, 3}, "in state", {1}, "reaching state", {1, 2, 3}>>
<<"added ", {2}, "in state", {}, "reaching state", {2}>>
<<"added ", {2, 4}, "in state", {3}, "reaching state", {2, 3, 4}>>
<<"added ", {2, 3}, "in state", {1}, "reaching state", {1, 2, 3}>>
<<"added ", {3, 4}, "in state", {2}, "reaching state", {2, 3, 4}>>
<<"added ", {1}, "in state", {4}, "reaching state", {1, 4}>>
<<"added ", {3}, "in state", {}, "reaching state", {3}>>
<<"added ", {2, 4}, "in state", {1}, "reaching state", {1, 2, 4}>>
<<"added ", {1}, "in state", {2, 4}, "reaching state", {1, 2, 4}>>
<<"added ", {4}, "in state", {1, 2, 3}, "reaching state", {1, 2, 3, 4}>>
<<"added ", {2}, "in state", {1, 4}, "reaching state", {1, 2, 4}>>
<<"added ", {1, 2, 4}, "in state", {3}, "reaching state", {1, 2, 3, 4}>>
<<"added ", {1, 3, 4}, "in state", {2}, "reaching state", {1, 2, 3, 4}>>
<<"added ", {2}, "in state", {4}, "reaching state", {2, 4}>>
<<"added ", {4}, "in state", {}, "reaching state", {4}>>
<<"added ", {3}, "in state", {1, 4}, "reaching state", {1, 3, 4}>>
<<"added ", {3}, "in state", {2, 4}, "reaching state", {2, 3, 4}>>
<<"added ", {3, 4}, "in state", {1}, "reaching state", {1, 3, 4}>>
<<"added ", {3}, "in state", {4}, "reaching state", {3, 4}>>
<<"added ", {1, 2}, "in state", {}, "reaching state", {1, 2}>>
<<"added ", {1}, "in state", {3}, "reaching state", {1, 3}>>
<<"added ", {1}, "in state", {2}, "reaching state", {1, 2}>>
<<"added ", {1, 3}, "in state", {2, 4}, "reaching state", {1, 2, 3, 4}>>
<<"added ", {2, 3, 4}, "in state", {1}, "reaching state", {1, 2, 3, 4}>>
<<"added ", {1, 2}, "in state", {4}, "reaching state", {1, 2, 4}>>
<<"added ", {2, 3}, "in state", {1, 4}, "reaching state", {1, 2, 3, 4}>>
<<"added ", {1, 3}, "in state", {}, "reaching state", {1, 3}>>
<<"added ", {4}, "in state", {1, 2, 3}, "reaching state", {1, 2, 3, 4}>>
<<"added ", {2}, "in state", {3}, "reaching state", {2, 3}>>
<<"added ", {3}, "in state", {2}, "reaching state", {2, 3}>>
<<"added ", {1, 3}, "in state", {4}, "reaching state", {1, 3, 4}>>
<<"added ", {1, 4}, "in state", {}, "reaching state", {1, 4}>>
<<"added ", {3}, "in state", {2}, "reaching state", {2, 3}>>
<<"added ", {2}, "in state", {1}, "reaching state", {1, 2}>>
<<"added ", {4}, "in state", {3}, "reaching state", {3, 4}>>
<<"added ", {2, 3}, "in state", {}, "reaching state", {2, 3}>>
<<"added ", {2, 3}, "in state", {4}, "reaching state", {2, 3, 4}>>
<<"added ", {4}, "in state", {2}, "reaching state", {2, 4}>>
<<"added ", {3}, "in state", {1}, "reaching state", {1, 3}>>
<<"added ", {2, 3}, "in state", {4}, "reaching state", {2, 3, 4}>>
<<"added ", {1, 2}, "in state", {3}, "reaching state", {1, 2, 3}>>
<<"added ", {2, 4}, "in state", {}, "reaching state", {2, 4}>>
<<"added ", {2}, "in state", {1, 4}, "reaching state", {1, 2, 4}>>
<<"added ", {1}, "in state", {2, 4}, "reaching state", {1, 2, 4}>>
<<"added ", {4}, "in state", {1}, "reaching state", {1, 4}>>
<<"added ", {4}, "in state", {1, 2, 3}, "reaching state", {1, 2, 3, 4}>>
<<"added ", {1, 3}, "in state", {2}, "reaching state", {1, 2, 3}>>
<<"added ", {2}, "in state", {1, 4}, "reaching state", {1, 2, 4}>>
<<"added ", {3, 4}, "in state", {}, "reaching state", {3, 4}>>
<<"added ", {1, 2, 3}, "in state", {4}, "reaching state", {1, 2, 3, 4}>>
<<"added ", {1}, "in state", {2, 4}, "reaching state", {1, 2, 4}>>
<<"added ", {1, 4}, "in state", {3}, "reaching state", {1, 3, 4}>>
<<"added ", {4}, "in state", {1, 2, 3}, "reaching state", {1, 2, 3, 4}>>
<<"added ", {3}, "in state", {1, 4}, "reaching state", {1, 3, 4}>>
<<"added ", {1, 4}, "in state", {2}, "reaching state", {1, 2, 4}>>
<<"added ", {1, 2, 3}, "in state", {}, "reaching state", {1, 2, 3}>>
<<"added ", {2, 3}, "in state", {1}, "reaching state", {1, 2, 3}>>
<<"added ", {3}, "in state", {2, 4}, "reaching state", {2, 3, 4}>>
<<"added ", {2, 4}, "in state", {3}, "reaching state", {2, 3, 4}>>
<<"added ", {1, 2, 4}, "in state", {}, "reaching state", {1, 2, 4}>>
<<"added ", {2, 4}, "in state", {1}, "reaching state", {1, 2, 4}>>
<<"added ", {1}, "in state", {4}, "reaching state", {1, 4}>>
<<"added ", {2, 4}, "in state", {3}, "reaching state", {2, 3, 4}>>
<<"added ", {3, 4}, "in state", {2}, "reaching state", {2, 3, 4}>>
<<"added ", {2, 3}, "in state", {1, 4}, "reaching state", {1, 2, 3, 4}>>
<<"added ", {1, 3, 4}, "in state", {}, "reaching state", {1, 3, 4}>>
<<"added ", {1, 3}, "in state", {2, 4}, "reaching state", {1, 2, 3, 4}>>
<<"added ", {2}, "in state", {4}, "reaching state", {2, 4}>>
<<"added ", {2, 4}, "in state", {1}, "reaching state", {1, 2, 4}>>
<<"added ", {1, 2, 4}, "in state", {3}, "reaching state", {1, 2, 3, 4}>>
<<"added ", {2, 3, 4}, "in state", {}, "reaching state", {2, 3, 4}>>
<<"added ", {3, 4}, "in state", {1}, "reaching state", {1, 3, 4}>>
<<"added ", {1, 3, 4}, "in state", {2}, "reaching state", {1, 2, 3, 4}>>
<<"added ", {3}, "in state", {1, 2, 4}, "reaching state", {1, 2, 3, 4}>>
<<"added ", {3}, "in state", {4}, "reaching state", {3, 4}>>
<<"added ", {2, 3, 4}, "in state", {}, "reaching state", {2, 3, 4}>>
<<"added ", {3}, "in state", {4}, "reaching state", {3, 4}>>
<<"added ", {1, 2, 3, 4}, "in state", {}, "reaching state", {1, 2, 3, 4}>>
<<"added ", {1}, "in state", {3}, "reaching state", {1, 3}>>
<<"added ", {2}, "in state", {1, 4}, "reaching state", {1, 2, 4}>>
<<"added ", {1}, "in state", {2}, "reaching state", {1, 2}>>
<<"added ", {1, 2}, "in state", {4}, "reaching state", {1, 2, 4}>>
<<"added ", {2, 3, 4}, "in state", {1}, "reaching state", {1, 2, 3, 4}>>
<<"added ", {1}, "in state", {2, 4}, "reaching state", {1, 2, 4}>>
<<"added ", {1}, "in state", {}, "reaching state", {1}>>
<<"added ", {2}, "in state", {3}, "reaching state", {2, 3}>>
<<"added ", {3}, "in state", {1, 4}, "reaching state", {1, 3, 4}>>
<<"added ", {1, 3}, "in state", {4}, "reaching state", {1, 3, 4}>>
<<"added ", {2}, "in state", {}, "reaching state", {2}>>
<<"added ", {3}, "in state", {2}, "reaching state", {2, 3}>>
<<"added ", {3}, "in state", {2, 4}, "reaching state", {2, 3, 4}>>
<<"added ", {4}, "in state", {3}, "reaching state", {3, 4}>>
<<"added ", {2}, "in state", {1}, "reaching state", {1, 2}>>
<<"added ", {3}, "in state", {}, "reaching state", {3}>>
<<"added ", {3}, "in state", {1, 2, 4}, "reaching state", {1, 2, 3, 4}>>
<<"added ", {2, 3}, "in state", {4}, "reaching state", {2, 3, 4}>>
<<"added ", {4}, "in state", {3}, "reaching state", {3, 4}>>
<<"added ", {3}, "in state", {1}, "reaching state", {1, 3}>>
<<"added ", {4}, "in state", {2}, "reaching state", {2, 4}>>
<<"added ", {4}, "in state", {}, "reaching state", {4}>>
<<"added ", {1, 3}, "in state", {2, 4}, "reaching state", {1, 2, 3, 4}>>
<<"added ", {2, 3}, "in state", {1, 4}, "reaching state", {1, 2, 3, 4}>>
<<"added ", {1, 2}, "in state", {3}, "reaching state", {1, 2, 3}>>
<<"added ", {4}, "in state", {1}, "reaching state", {1, 4}>>
<<"added ", {1, 2}, "in state", {}, "reaching state", {1, 2}>>
<<"added ", {1, 3}, "in state", {2, 4}, "reaching state", {1, 2, 3, 4}>>
<<"added ", {1, 3}, "in state", {2}, "reaching state", {1, 2, 3}>>
<<"added ", {2, 3}, "in state", {1, 4}, "reaching state", {1, 2, 3, 4}>>
<<"added ", {1, 2, 3}, "in state", {4}, "reaching state", {1, 2, 3, 4}>>
<<"added ", {1, 4}, "in state", {3}, "reaching state", {1, 3, 4}>>
<<"added ", {1, 3}, "in state", {}, "reaching state", {1, 3}>>
<<"added ", {2, 3}, "in state", {1}, "reaching state", {1, 2, 3}>>
<<"added ", {1, 4}, "in state", {2}, "reaching state", {1, 2, 4}>>
<<"added ", {1, 4}, "in state", {}, "reaching state", {1, 4}>>
<<"added ", {1, 4}, "in state", {2}, "reaching state", {1, 2, 4}>>
<<"added ", {2, 4}, "in state", {3}, "reaching state", {2, 3, 4}>>
<<"added ", {2, 4}, "in state", {1}, "reaching state", {1, 2, 4}>>
<<"added ", {3}, "in state", {1, 2, 4}, "reaching state", {1, 2, 3, 4}>>
<<"added ", {1}, "in state", {4}, "reaching state", {1, 4}>>
<<"added ", {2, 3}, "in state", {}, "reaching state", {2, 3}>>
<<"added ", {1}, "in state", {2, 4}, "reaching state", {1, 2, 4}>>
<<"added ", {2}, "in state", {1, 4}, "reaching state", {1, 2, 4}>>
<<"added ", {3}, "in state", {1, 2, 4}, "reaching state", {1, 2, 3, 4}>>
<<"added ", {3, 4}, "in state", {2}, "reaching state", {2, 3, 4}>>
<<"added ", {2}, "in state", {4}, "reaching state", {2, 4}>>
<<"added ", {3, 4}, "in state", {1}, "reaching state", {1, 3, 4}>>
<<"added ", {2, 4}, "in state", {}, "reaching state", {2, 4}>>
<<"added ", {1, 2, 4}, "in state", {3}, "reaching state", {1, 2, 3, 4}>>
<<"added ", {3}, "in state", {2, 4}, "reaching state", {2, 3, 4}>>
<<"added ", {3}, "in state", {4}, "reaching state", {3, 4}>>
<<"added ", {3}, "in state", {1, 4}, "reaching state", {1, 3, 4}>>
<<"added ", {3, 4}, "in state", {1}, "reaching state", {1, 3, 4}>>
<<"added ", {3, 4}, "in state", {}, "reaching state", {3, 4}>>
<<"added ", {1, 3, 4}, "in state", {2}, "reaching state", {1, 2, 3, 4}>>
<<"added ", {1, 2}, "in state", {4}, "reaching state", {1, 2, 4}>>
<<"added ", {1, 3}, "in state", {2, 4}, "reaching state", {1, 2, 3, 4}>>
<<"added ", {3}, "in state", {1, 4}, "reaching state", {1, 3, 4}>>
<<"added ", {1, 2, 3}, "in state", {}, "reaching state", {1, 2, 3}>>
<<"added ", {1}, "in state", {3}, "reaching state", {1, 3}>>
<<"added ", {2, 3, 4}, "in state", {1}, "reaching state", {1, 2, 3, 4}>>
<<"added ", {1, 3}, "in state", {4}, "reaching state", {1, 3, 4}>>
<<"added ", {2}, "in state", {3}, "reaching state", {2, 3}>>
<<"added ", {1, 2, 4}, "in state", {}, "reaching state", {1, 2, 4}>>
<<"added ", {1}, "in state", {2}, "reaching state", {1, 2}>>
<<"added ", {2, 3}, "in state", {4}, "reaching state", {2, 3, 4}>>
<<"added ", {1}, "in state", {3, 4}, "reaching state", {1, 3, 4}>>
<<"added ", {2, 3}, "in state", {1, 4}, "reaching state", {1, 2, 3, 4}>>
<<"added ", {4}, "in state", {3}, "reaching state", {3, 4}>>
<<"added ", {2}, "in state", {1}, "reaching state", {1, 2}>>
<<"added ", {1, 3, 4}, "in state", {}, "reaching state", {1, 3, 4}>>
<<"added ", {3}, "in state", {2}, "reaching state", {2, 3}>>
<<"added ", {2}, "in state", {3, 4}, "reaching state", {2, 3, 4}>>
<<"added ", {1, 2, 3}, "in state", {4}, "reaching state", {1, 2, 3, 4}>>
<<"added ", {1, 2}, "in state", {3}, "reaching state", {1, 2, 3}>>
<<"added ", {1}, "in state", {2, 4}, "reaching state", {1, 2, 4}>>
<<"added ", {3}, "in state", {1}, "reaching state", {1, 3}>>
<<"added ", {2, 3, 4}, "in state", {}, "reaching state", {2, 3, 4}>>
<<"added ", {4}, "in state", {2}, "reaching state", {2, 4}>>
<<"added ", {1, 2}, "in state", {3, 4}, "reaching state", {1, 2, 3, 4}>>
<<"added ", {1, 4}, "in state", {3}, "reaching state", {1, 3, 4}>>
<<"added ", {3}, "in state", {2, 4}, "reaching state", {2, 3, 4}>>
<<"added ", {4}, "in state", {1}, "reaching state", {1, 4}>>
<<"added ", {2}, "in state", {1, 4}, "reaching state", {1, 2, 4}>>
<<"added ", {1, 3}, "in state", {2}, "reaching state", {1, 2, 3}>>
<<"added ", {1}, "in state", {4}, "reaching state", {1, 4}>>
<<"added ", {1, 2, 3, 4}, "in state", {}, "reaching state", {1, 2, 3, 4}>>
<<"added ", {3}, "in state", {2, 4}, "reaching state", {2, 3, 4}>>
<<"added ", {2, 4}, "in state", {3}, "reaching state", {2, 3, 4}>>
<<"added ", {3}, "in state", {1, 4}, "reaching state", {1, 3, 4}>>
<<"added ", {1, 2, 3, 4}, "in state", {}, "reaching state", {1, 2, 3, 4}>>
<<"added ", {1, 4}, "in state", {2}, "reaching state", {1, 2, 4}>>
<<"added ", {2, 3}, "in state", {1}, "reaching state", {1, 2, 3}>>
<<"added ", {2}, "in state", {4}, "reaching state", {2, 4}>>
<<"added ", {1, 3}, "in state", {2, 4}, "reaching state", {1, 2, 3, 4}>>
<<"added ", {1}, "in state", {}, "reaching state", {1}>>
<<"added ", {1, 2, 4}, "in state", {3}, "reaching state", {1, 2, 3, 4}>>
<<"added ", {2, 4}, "in state", {1}, "reaching state", {1, 2, 4}>>
<<"added ", {3}, "in state", {4}, "reaching state", {3, 4}>>
<<"added ", {2, 3}, "in state", {1, 4}, "reaching state", {1, 2, 3, 4}>>
<<"added ", {3, 4}, "in state", {2}, "reaching state", {2, 3, 4}>>
<<"added ", {2}, "in state", {}, "reaching state", {2}>>
<<"added ", {1}, "in state", {2, 3, 4}, "reaching state", {1, 2, 3, 4}>>
<<"added ", {3, 4}, "in state", {1}, "reaching state", {1, 3, 4}>>
<<"added ", {1}, "in state", {3}, "reaching state", {1, 3}>>
<<"added ", {1, 2}, "in state", {4}, "reaching state", {1, 2, 4}>>
<<"added ", {3, 4}, "in state", {2}, "reaching state", {2, 3, 4}>>
<<"added ", {1}, "in state", {3, 4}, "reaching state", {1, 3, 4}>>
<<"added ", {2}, "in state", {1, 3, 4}, "reaching state", {1, 2, 3, 4}>>
<<"added ", {3}, "in state", {}, "reaching state", {3}>>
<<"added ", {1, 3}, "in state", {4}, "reaching state", {1, 3, 4}>>
<<"added ", {2}, "in state", {3, 4}, "reaching state", {2, 3, 4}>>
<<"added ", {2}, "in state", {3}, "reaching state", {2, 3}>>
<<"added ", {1, 3, 4}, "in state", {2}, "reaching state", {1, 2, 3, 4}>>
<<"added ", {1, 3}, "in state", {4}, "reaching state", {1, 3, 4}>>
<<"added ", {4}, "in state", {}, "reaching state", {4}>>
<<"added ", {2, 3, 4}, "in state", {1}, "reaching state", {1, 2, 3, 4}>>
<<"added ", {1, 2}, "in state", {3, 4}, "reaching state", {1, 2, 3, 4}>>
<<"added ", {2, 3}, "in state", {4}, "reaching state", {2, 3, 4}>>
<<"added ", {1}, "in state", {2, 3, 4}, "reaching state", {1, 2, 3, 4}>>
<<"added ", {1, 2}, "in state", {}, "reaching state", {1, 2}>>
<<"added ", {1}, "in state", {2}, "reaching state", {1, 2}>>
<<"added ", {4}, "in state", {3}, "reaching state", {3, 4}>>
<<"added ", {2}, "in state", {1}, "reaching state", {1, 2}>>
<<"added ", {1, 2}, "in state", {}, "reaching state", {1, 2}>>
<<"added ", {1}, "in state", {2, 3, 4}, "reaching state", {1, 2, 3, 4}>>
<<"added ", {1, 2, 3}, "in state", {4}, "reaching state", {1, 2, 3, 4}>>
<<"added ", {1, 3}, "in state", {}, "reaching state", {1, 3}>>
<<"added ", {3}, "in state", {2}, "reaching state", {2, 3}>>
<<"added ", {3}, "in state", {1}, "reaching state", {1, 3}>>
<<"added ", {1, 2}, "in state", {3}, "reaching state", {1, 2, 3}>>
<<"added ", {2}, "in state", {1, 3, 4}, "reaching state", {1, 2, 3, 4}>>
<<"added ", {1, 4}, "in state", {}, "reaching state", {1, 4}>>
<<"added ", {3}, "in state", {1}, "reaching state", {1, 3}>>
<<"added ", {4}, "in state", {2}, "reaching state", {2, 4}>>
<<"added ", {1}, "in state", {3, 4}, "reaching state", {1, 3, 4}>>
<<"added ", {1, 4}, "in state", {3}, "reaching state", {1, 3, 4}>>
<<"added ", {2, 3}, "in state", {}, "reaching state", {2, 3}>>
<<"added ", {4}, "in state", {1}, "reaching state", {1, 4}>>
<<"added ", {2}, "in state", {1, 3, 4}, "reaching state", {1, 2, 3, 4}>>
<<"added ", {1}, "in state", {4}, "reaching state", {1, 4}>>
<<"added ", {1, 4}, "in state", {3}, "reaching state", {1, 3, 4}>>
<<"added ", {1, 3}, "in state", {2}, "reaching state", {1, 2, 3}>>
<<"added ", {2, 4}, "in state", {}, "reaching state", {2, 4}>>
<<"added ", {2}, "in state", {3, 4}, "reaching state", {2, 3, 4}>>
<<"added ", {2}, "in state", {4}, "reaching state", {2, 4}>>
<<"added ", {2, 4}, "in state", {3}, "reaching state", {2, 3, 4}>>
<<"added ", {1, 4}, "in state", {2}, "reaching state", {1, 2, 4}>>
<<"added ", {1}, "in state", {2, 3, 4}, "reaching state", {1, 2, 3, 4}>>
<<"added ", {2}, "in state", {4}, "reaching state", {2, 4}>>
<<"added ", {2, 3}, "in state", {1}, "reaching state", {1, 2, 3}>>
<<"added ", {3, 4}, "in state", {}, "reaching state", {3, 4}>>
<<"added ", {1, 2}, "in state", {3, 4}, "reaching state", {1, 2, 3, 4}>>
<<"added ", {3}, "in state", {4}, "reaching state", {3, 4}>>
<<"added ", {3, 4}, "in state", {2}, "reaching state", {2, 3, 4}>>
<<"added ", {1, 2, 3}, "in state", {}, "reaching state", {1, 2, 3}>>
<<"added ", {1, 2, 4}, "in state", {3}, "reaching state", {1, 2, 3, 4}>>
<<"added ", {1, 2}, "in state", {4}, "reaching state", {1, 2, 4}>>
<<"added ", {1, 2}, "in state", {3, 4}, "reaching state", {1, 2, 3, 4}>>
<<"added ", {1, 3, 4}, "in state", {2}, "reaching state", {1, 2, 3, 4}>>
<<"added ", {2, 4}, "in state", {1}, "reaching state", {1, 2, 4}>>
<<"added ", {1, 2, 4}, "in state", {}, "reaching state", {1, 2, 4}>>
<<"added ", {2}, "in state", {1, 3, 4}, "reaching state", {1, 2, 3, 4}>>
<<"added ", {1, 3}, "in state", {4}, "reaching state", {1, 3, 4}>>
<<"added ", {3, 4}, "in state", {1}, "reaching state", {1, 3, 4}>>
<<"added ", {1}, "in state", {2}, "reaching state", {1, 2}>>
<<"added ", {1, 3, 4}, "in state", {}, "reaching state", {1, 3, 4}>>
<<"added ", {1}, "in state", {3}, "reaching state", {1, 3}>>
<<"added ", {2, 3}, "in state", {4}, "reaching state", {2, 3, 4}>>
<<"added ", {1}, "in state", {3}, "reaching state", {1, 3}>>
<<"added ", {2, 3, 4}, "in state", {}, "reaching state", {2, 3, 4}>>
<<"added ", {3}, "in state", {2}, "reaching state", {2, 3}>>
<<"added ", {1}, "in state", {3, 4}, "reaching state", {1, 3, 4}>>
<<"added ", {1, 2, 3}, "in state", {4}, "reaching state", {1, 2, 3, 4}>>
<<"added ", {2, 3, 4}, "in state", {1}, "reaching state", {1, 2, 3, 4}>>
<<"added ", {2}, "in state", {3}, "reaching state", {2, 3}>>
<<"added ", {4}, "in state", {2}, "reaching state", {2, 4}>>
<<"added ", {1, 2, 3, 4}, "in state", {}, "reaching state", {1, 2, 3, 4}>>
<<"added ", {1}, "in state", {3, 4}, "reaching state", {1, 3, 4}>>
<<"added ", {4}, "in state", {2}, "reaching state", {2, 4}>>
<<"added ", {4}, "in state", {3}, "reaching state", {3, 4}>>
<<"added ", {2}, "in state", {3, 4}, "reaching state", {2, 3, 4}>>
<<"added ", {1}, "in state", {}, "reaching state", {1}>>
<<"added ", {1, 3}, "in state", {2}, "reaching state", {1, 2, 3}>>
<<"added ", {1, 2}, "in state", {3}, "reaching state", {1, 2, 3}>>
<<"added ", {2}, "in state", {}, "reaching state", {2}>>
<<"added ", {1, 2}, "in state", {3, 4}, "reaching state", {1, 2, 3, 4}>>
<<"added ", {1, 4}, "in state", {2}, "reaching state", {1, 2, 4}>>
<<"added ", {1, 4}, "in state", {3}, "reaching state", {1, 3, 4}>>
<<"added ", {3}, "in state", {}, "reaching state", {3}>>
<<"added ", {4}, "in state", {}, "reaching state", {4}>>
<<"added ", {2, 4}, "in state", {3}, "reaching state", {2, 3, 4}>>
<<"added ", {3, 4}, "in state", {2}, "reaching state", {2, 3, 4}>>
<<"added ", {1}, "in state", {3, 4}, "reaching state", {1, 3, 4}>>
<<"added ", {1, 2}, "in state", {}, "reaching state", {1, 2}>>
<<"added ", {1, 3, 4}, "in state", {2}, "reaching state", {1, 2, 3, 4}>>
<<"added ", {1, 2, 4}, "in state", {3}, "reaching state", {1, 2, 3, 4}>>
<<"added ", {2}, "in state", {3, 4}, "reaching state", {2, 3, 4}>>
<<"added ", {1, 3}, "in state", {}, "reaching state", {1, 3}>>
<<"added ", {2}, "in state", {3, 4}, "reaching state", {2, 3, 4}>>
<<"added ", {1, 4}, "in state", {}, "reaching state", {1, 4}>>
<<"added ", {1, 2}, "in state", {3, 4}, "reaching state", {1, 2, 3, 4}>>
<<"added ", {2, 3}, "in state", {}, "reaching state", {2, 3}>>
<<"added ", {2, 3}, "in state", {}, "reaching state", {2, 3}>>
<<"added ", {2, 4}, "in state", {}, "reaching state", {2, 4}>>
<<"added ", {3, 4}, "in state", {}, "reaching state", {3, 4}>>
<<"added ", {1, 2, 3}, "in state", {}, "reaching state", {1, 2, 3}>>
<<"added ", {1, 2, 4}, "in state", {}, "reaching state", {1, 2, 4}>>
<<"added ", {1, 3, 4}, "in state", {}, "reaching state", {1, 3, 4}>>
<<"added ", {2, 3, 4}, "in state", {}, "reaching state", {2, 3, 4}>>
<<"added ", {1, 2, 3, 4}, "in state", {}, "reaching state", {1, 2, 3, 4}>>
<<"added ", {1}, "in state", {}, "reaching state", {1}>>
<<"added ", {2}, "in state", {}, "reaching state", {2}>>
<<"added ", {3}, "in state", {}, "reaching state", {3}>>
<<"added ", {4}, "in state", {}, "reaching state", {4}>>
<<"added ", {4}, "in state", {}, "reaching state", {4}>>
<<"added ", {1, 2}, "in state", {}, "reaching state", {1, 2}>>
<<"added ", {1, 3}, "in state", {}, "reaching state", {1, 3}>>
<<"added ", {1, 4}, "in state", {}, "reaching state", {1, 4}>>
<<"added ", {2, 3}, "in state", {}, "reaching state", {2, 3}>>
<<"added ", {2, 4}, "in state", {}, "reaching state", {2, 4}>>
<<"added ", {3, 4}, "in state", {}, "reaching state", {3, 4}>>
<<"added ", {1, 2, 3}, "in state", {}, "reaching state", {1, 2, 3}>>
<<"added ", {1, 2, 4}, "in state", {}, "reaching state", {1, 2, 4}>>
<<"added ", {1, 3, 4}, "in state", {}, "reaching state", {1, 3, 4}>>
<<"added ", {2, 3, 4}, "in state", {}, "reaching state", {2, 3, 4}>>
<<"added ", {1, 2, 3, 4}, "in state", {}, "reaching state", {1, 2, 3, 4}>>
<<"added ", {1}, "in state", {}, "reaching state", {1}>>
<<"added ", {1}, "in state", {}, "reaching state", {1}>>
<<"added ", {2}, "in state", {}, "reaching state", {2}>>
<<"added ", {3}, "in state", {}, "reaching state", {3}>>
<<"added ", {4}, "in state", {}, "reaching state", {4}>>
<<"added ", {1, 2}, "in state", {}, "reaching state", {1, 2}>>
<<"added ", {1, 3}, "in state", {}, "reaching state", {1, 3}>>
<<"added ", {1, 4}, "in state", {}, "reaching state", {1, 4}>>
<<"added ", {2, 3}, "in state", {}, "reaching state", {2, 3}>>
<<"added ", {2, 4}, "in state", {}, "reaching state", {2, 4}>>
<<"added ", {3, 4}, "in state", {}, "reaching state", {3, 4}>>
<<"added ", {1, 2, 3}, "in state", {}, "reaching state", {1, 2, 3}>>
<<"added ", {1, 2, 4}, "in state", {}, "reaching state", {1, 2, 4}>>
<<"added ", {1, 3, 4}, "in state", {}, "reaching state", {1, 3, 4}>>
<<"added ", {2, 3, 4}, "in state", {}, "reaching state", {2, 3, 4}>>
<<"added ", {1, 2, 3, 4}, "in state", {}, "reaching state", {1, 2, 3, 4}>>
<<"added ", {1}, "in state", {}, "reaching state", {1}>>
<<"added ", {2}, "in state", {}, "reaching state", {2}>>
<<"added ", {3}, "in state", {}, "reaching state", {3}>>
<<"added ", {4}, "in state", {}, "reaching state", {4}>>
<<"added ", {1, 2}, "in state", {}, "reaching state", {1, 2}>>
<<"added ", {1, 3}, "in state", {}, "reaching state", {1, 3}>>
<<"added ", {1, 4}, "in state", {}, "reaching state", {1, 4}>>
<<"added ", {2, 3}, "in state", {}, "reaching state", {2, 3}>>
<<"added ", {2, 4}, "in state", {}, "reaching state", {2, 4}>>
<<"added ", {3, 4}, "in state", {}, "reaching state", {3, 4}>>
<<"added ", {1, 2, 3}, "in state", {}, "reaching state", {1, 2, 3}>>
<<"added ", {1, 2, 3}, "in state", {}, "reaching state", {1, 2, 3}>>
<<"added ", {1, 2, 4}, "in state", {}, "reaching state", {1, 2, 4}>>
<<"added ", {1, 3, 4}, "in state", {}, "reaching state", {1, 3, 4}>>
<<"added ", {2, 3, 4}, "in state", {}, "reaching state", {2, 3, 4}>>
<<"added ", {1, 2, 3, 4}, "in state", {}, "reaching state", {1, 2, 3, 4}>>
<<"added ", {1}, "in state", {}, "reaching state", {1}>>
<<"added ", {2}, "in state", {}, "reaching state", {2}>>
<<"added ", {3}, "in state", {}, "reaching state", {3}>>
<<"added ", {4}, "in state", {}, "reaching state", {4}>>
<<"added ", {1, 2}, "in state", {}, "reaching state", {1, 2}>>
<<"added ", {1, 3}, "in state", {}, "reaching state", {1, 3}>>
<<"added ", {1, 4}, "in state", {}, "reaching state", {1, 4}>>
<<"added ", {2, 3}, "in state", {}, "reaching state", {2, 3}>>
<<"added ", {2, 4}, "in state", {}, "reaching state", {2, 4}>>
<<"added ", {3, 4}, "in state", {}, "reaching state", {3, 4}>>
<<"added ", {1, 2, 3}, "in state", {}, "reaching state", {1, 2, 3}>>
<<"added ", {1, 2, 4}, "in state", {}, "reaching state", {1, 2, 4}>>
<<"added ", {1, 2, 4}, "in state", {}, "reaching state", {1, 2, 4}>>
<<"added ", {1, 3, 4}, "in state", {}, "reaching state", {1, 3, 4}>>
<<"added ", {2, 3, 4}, "in state", {}, "reaching state", {2, 3, 4}>>
<<"added ", {1, 2, 3, 4}, "in state", {}, "reaching state", {1, 2, 3, 4}>>
<<"added ", {1}, "in state", {}, "reaching state", {1}>>
<<"added ", {2}, "in state", {}, "reaching state", {2}>>
<<"added ", {3}, "in state", {}, "reaching state", {3}>>
<<"added ", {4}, "in state", {}, "reaching state", {4}>>
<<"added ", {1, 2}, "in state", {}, "reaching state", {1, 2}>>
<<"added ", {1, 3}, "in state", {}, "reaching state", {1, 3}>>
<<"added ", {1, 4}, "in state", {}, "reaching state", {1, 4}>>
<<"added ", {2, 3}, "in state", {}, "reaching state", {2, 3}>>
<<"added ", {2, 4}, "in state", {}, "reaching state", {2, 4}>>
<<"added ", {2, 4}, "in state", {}, "reaching state", {2, 4}>>
<<"added ", {3, 4}, "in state", {}, "reaching state", {3, 4}>>
<<"added ", {1, 2, 3}, "in state", {}, "reaching state", {1, 2, 3}>>
<<"added ", {1, 2, 4}, "in state", {}, "reaching state", {1, 2, 4}>>
<<"added ", {1, 3, 4}, "in state", {}, "reaching state", {1, 3, 4}>>
<<"added ", {2, 3, 4}, "in state", {}, "reaching state", {2, 3, 4}>>
<<"added ", {1, 2, 3, 4}, "in state", {}, "reaching state", {1, 2, 3, 4}>>
<<"added ", {1}, "in state", {}, "reaching state", {1}>>
<<"added ", {2}, "in state", {}, "reaching state", {2}>>
<<"added ", {3}, "in state", {}, "reaching state", {3}>>
<<"added ", {4}, "in state", {}, "reaching state", {4}>>
<<"added ", {1, 2}, "in state", {}, "reaching state", {1, 2}>>
<<"added ", {1, 3}, "in state", {}, "reaching state", {1, 3}>>
<<"added ", {1, 4}, "in state", {}, "reaching state", {1, 4}>>
<<"added ", {2, 3}, "in state", {}, "reaching state", {2, 3}>>
<<"added ", {2, 4}, "in state", {}, "reaching state", {2, 4}>>
<<"added ", {3, 4}, "in state", {}, "reaching state", {3, 4}>>
<<"added ", {3, 4}, "in state", {}, "reaching state", {3, 4}>>
<<"added ", {1, 2, 3}, "in state", {}, "reaching state", {1, 2, 3}>>
<<"added ", {1, 2, 4}, "in state", {}, "reaching state", {1, 2, 4}>>
<<"added ", {1, 3, 4}, "in state", {}, "reaching state", {1, 3, 4}>>
<<"added ", {2, 3, 4}, "in state", {}, "reaching state", {2, 3, 4}>>
<<"added ", {1, 2, 3, 4}, "in state", {}, "reaching state", {1, 2, 3, 4}>>
<<"added ", {1}, "in state", {}, "reaching state", {1}>>
<<"added ", {2}, "in state", {}, "reaching state", {2}>>
<<"added ", {3}, "in state", {}, "reaching state", {3}>>
<<"added ", {3}, "in state", {}, "reaching state", {3}>>
<<"added ", {4}, "in state", {}, "reaching state", {4}>>
<<"added ", {1, 2}, "in state", {}, "reaching state", {1, 2}>>
<<"added ", {1, 3}, "in state", {}, "reaching state", {1, 3}>>
<<"added ", {1, 4}, "in state", {}, "reaching state", {1, 4}>>
<<"added ", {2, 3}, "in state", {}, "reaching state", {2, 3}>>
<<"added ", {2, 4}, "in state", {}, "reaching state", {2, 4}>>
<<"added ", {3, 4}, "in state", {}, "reaching state", {3, 4}>>
<<"added ", {1, 2, 3}, "in state", {}, "reaching state", {1, 2, 3}>>
<<"added ", {1, 2, 4}, "in state", {}, "reaching state", {1, 2, 4}>>
<<"added ", {1, 3, 4}, "in state", {}, "reaching state", {1, 3, 4}>>
<<"added ", {2, 3, 4}, "in state", {}, "reaching state", {2, 3, 4}>>
<<"added ", {1, 2, 3, 4}, "in state", {}, "reaching state", {1, 2, 3, 4}>>
<<"added ", {1}, "in state", {}, "reaching state", {1}>>
<<"added ", {2}, "in state", {}, "reaching state", {2}>>
<<"added ", {2}, "in state", {}, "reaching state", {2}>>
<<"added ", {3}, "in state", {}, "reaching state", {3}>>
<<"added ", {4}, "in state", {}, "reaching state", {4}>>
<<"added ", {1, 2}, "in state", {}, "reaching state", {1, 2}>>
<<"added ", {1, 3}, "in state", {}, "reaching state", {1, 3}>>
<<"added ", {1, 4}, "in state", {}, "reaching state", {1, 4}>>
<<"added ", {2, 3}, "in state", {}, "reaching state", {2, 3}>>
<<"added ", {2, 4}, "in state", {}, "reaching state", {2, 4}>>
<<"added ", {3, 4}, "in state", {}, "reaching state", {3, 4}>>
<<"added ", {1, 2, 3}, "in state", {}, "reaching state", {1, 2, 3}>>
<<"added ", {1, 2, 4}, "in state", {}, "reaching state", {1, 2, 4}>>
<<"added ", {1, 3, 4}, "in state", {}, "reaching state", {1, 3, 4}>>
<<"added ", {2, 3, 4}, "in state", {}, "reaching state", {2, 3, 4}>>
<<"added ", {1, 2, 3, 4}, "in state", {}, "reaching state", {1, 2, 3, 4}>>
<<"added ", {1}, "in state", {}, "reaching state", {1}>>
<<"added ", {2}, "in state", {}, "reaching state", {2}>>
<<"added ", {3}, "in state", {}, "reaching state", {3}>>
<<"added ", {4}, "in state", {}, "reaching state", {4}>>
<<"added ", {1, 2}, "in state", {}, "reaching state", {1, 2}>>
<<"added ", {1, 3}, "in state", {}, "reaching state", {1, 3}>>
<<"added ", {1, 3}, "in state", {}, "reaching state", {1, 3}>>
<<"added ", {1, 4}, "in state", {}, "reaching state", {1, 4}>>
<<"added ", {2, 3}, "in state", {}, "reaching state", {2, 3}>>
<<"added ", {2, 4}, "in state", {}, "reaching state", {2, 4}>>
<<"added ", {3, 4}, "in state", {}, "reaching state", {3, 4}>>
<<"added ", {1, 2, 3}, "in state", {}, "reaching state", {1, 2, 3}>>
<<"added ", {1, 2, 4}, "in state", {}, "reaching state", {1, 2, 4}>>
<<"added ", {1, 3, 4}, "in state", {}, "reaching state", {1, 3, 4}>>
<<"added ", {2, 3, 4}, "in state", {}, "reaching state", {2, 3, 4}>>
<<"added ", {1, 2, 3, 4}, "in state", {}, "reaching state", {1, 2, 3, 4}>>
<<"added ", {1}, "in state", {}, "reaching state", {1}>>
<<"added ", {2}, "in state", {}, "reaching state", {2}>>
<<"added ", {3}, "in state", {}, "reaching state", {3}>>
<<"added ", {4}, "in state", {}, "reaching state", {4}>>
<<"added ", {1, 2}, "in state", {}, "reaching state", {1, 2}>>
<<"added ", {1, 3}, "in state", {}, "reaching state", {1, 3}>>
<<"added ", {1, 4}, "in state", {}, "reaching state", {1, 4}>>
<<"added ", {1, 4}, "in state", {}, "reaching state", {1, 4}>>
<<"added ", {2, 3}, "in state", {}, "reaching state", {2, 3}>>
<<"added ", {2, 4}, "in state", {}, "reaching state", {2, 4}>>
<<"added ", {3, 4}, "in state", {}, "reaching state", {3, 4}>>
<<"added ", {1, 2, 3}, "in state", {}, "reaching state", {1, 2, 3}>>
<<"added ", {1, 2, 4}, "in state", {}, "reaching state", {1, 2, 4}>>
<<"added ", {1, 3, 4}, "in state", {}, "reaching state", {1, 3, 4}>>
<<"added ", {2, 3, 4}, "in state", {}, "reaching state", {2, 3, 4}>>
<<"added ", {1, 2, 3, 4}, "in state", {}, "reaching state", {1, 2, 3, 4}>>
<<"added ", {2}, "in state", {1, 3, 4}, "reaching state", {1, 2, 3, 4}>>
<<"added ", {2}, "in state", {1, 3, 4}, "reaching state", {1, 2, 3, 4}>>
<<"added ", {2}, "in state", {1, 3, 4}, "reaching state", {1, 2, 3, 4}>>
<<"added ", {2}, "in state", {1, 3, 4}, "reaching state", {1, 2, 3, 4}>>
<<"added ", {2}, "in state", {1, 3, 4}, "reaching state", {1, 2, 3, 4}>>
<<"added ", {1}, "in state", {2, 3, 4}, "reaching state", {1, 2, 3, 4}>>
<<"added ", {1}, "in state", {2, 3, 4}, "reaching state", {1, 2, 3, 4}>>
<<"added ", {1}, "in state", {2, 3, 4}, "reaching state", {1, 2, 3, 4}>>
<<"added ", {1}, "in state", {2, 3, 4}, "reaching state", {1, 2, 3, 4}>>
<<"added ", {1}, "in state", {2, 3, 4}, "reaching state", {1, 2, 3, 4}>>
<<"added ", {3}, "in state", {1, 2}, "reaching state", {1, 2, 3}>>
<<"added ", {4}, "in state", {1, 2}, "reaching state", {1, 2, 4}>>
<<"added ", {3, 4}, "in state", {1, 2}, "reaching state", {1, 2, 3, 4}>>
<<"added ", {3}, "in state", {1, 2}, "reaching state", {1, 2, 3}>>
<<"added ", {3}, "in state", {1, 2}, "reaching state", {1, 2, 3}>>
<<"added ", {3}, "in state", {1, 2}, "reaching state", {1, 2, 3}>>
<<"added ", {4}, "in state", {1, 2}, "reaching state", {1, 2, 4}>>
<<"added ", {3, 4}, "in state", {1, 2}, "reaching state", {1, 2, 3, 4}>>
<<"added ", {4}, "in state", {1, 2, 3}, "reaching state", {1, 2, 3, 4}>>
<<"added ", {4}, "in state", {1, 2, 3}, "reaching state", {1, 2, 3, 4}>>
<<"added ", {4}, "in state", {1, 2, 3}, "reaching state", {1, 2, 3, 4}>>
<<"added ", {4}, "in state", {1, 2, 3}, "reaching state", {1, 2, 3, 4}>>
<<"added ", {4}, "in state", {1, 2, 3}, "reaching state", {1, 2, 3, 4}>>
<<"added ", {4}, "in state", {1, 2}, "reaching state", {1, 2, 4}>>
<<"added ", {3}, "in state", {1, 2}, "reaching state", {1, 2, 3}>>
<<"added ", {4}, "in state", {1, 2}, "reaching state", {1, 2, 4}>>
<<"added ", {4}, "in state", {1, 2}, "reaching state", {1, 2, 4}>>
<<"added ", {3, 4}, "in state", {1, 2}, "reaching state", {1, 2, 3, 4}>>
<<"added ", {3}, "in state", {1, 2, 4}, "reaching state", {1, 2, 3, 4}>>
<<"added ", {3}, "in state", {1, 2, 4}, "reaching state", {1, 2, 3, 4}>>
<<"added ", {3}, "in state", {1, 2, 4}, "reaching state", {1, 2, 3, 4}>>
<<"added ", {3}, "in state", {1, 2, 4}, "reaching state", {1, 2, 3, 4}>>
<<"added ", {3}, "in state", {1, 2, 4}, "reaching state", {1, 2, 3, 4}>>
<<"added ", {3, 4}, "in state", {1, 2}, "reaching state", {1, 2, 3, 4}>>
<<"added ", {3}, "in state", {1, 2}, "reaching state", {1, 2, 3}>>
<<"added ", {4}, "in state", {1, 2}, "reaching state", {1, 2, 4}>>
<<"added ", {3, 4}, "in state", {1, 2}, "reaching state", {1, 2, 3, 4}>>
<<"added ", {3, 4}, "in state", {1, 2}, "reaching state", {1, 2, 3, 4}>>
<<"added ", {3}, "in state", {1, 2}, "reaching state", {1, 2, 3}>>
<<"added ", {4}, "in state", {1, 2}, "reaching state", {1, 2, 4}>>
<<"added ", {3, 4}, "in state", {1, 2}, "reaching state", {1, 2, 3, 4}>>
<<"added ", {1}, "in state", {2, 3}, "reaching state", {1, 2, 3}>>
<<"added ", {4}, "in state", {2, 3}, "reaching state", {2, 3, 4}>>
<<"added ", {1, 4}, "in state", {2, 3}, "reaching state", {1, 2, 3, 4}>>
<<"added ", {1}, "in state", {2, 3}, "reaching state", {1, 2, 3}>>
<<"added ", {1}, "in state", {2, 3}, "reaching state", {1, 2, 3}>>
<<"added ", {1}, "in state", {2, 3}, "reaching state", {1, 2, 3}>>
<<"added ", {4}, "in state", {2, 3}, "reaching state", {2, 3, 4}>>
<<"added ", {1, 4}, "in state", {2, 3}, "reaching state", {1, 2, 3, 4}>>
<<"added ", {4}, "in state", {2, 3}, "reaching state", {2, 3, 4}>>
<<"added ", {1}, "in state", {2, 3}, "reaching state", {1, 2, 3}>>
<<"added ", {4}, "in state", {2, 3}, "reaching state", {2, 3, 4}>>
<<"added ", {4}, "in state", {2, 3}, "reaching state", {2, 3, 4}>>
<<"added ", {1, 4}, "in state", {2, 3}, "reaching state", {1, 2, 3, 4}>>
<<"added ", {1, 4}, "in state", {2, 3}, "reaching state", {1, 2, 3, 4}>>
<<"added ", {1}, "in state", {2, 3}, "reaching state", {1, 2, 3}>>
<<"added ", {4}, "in state", {2, 3}, "reaching state", {2, 3, 4}>>
<<"added ", {1, 4}, "in state", {2, 3}, "reaching state", {1, 2, 3, 4}>>
<<"added ", {1, 4}, "in state", {2, 3}, "reaching state", {1, 2, 3, 4}>>
<<"added ", {1}, "in state", {2, 3}, "reaching state", {1, 2, 3}>>
<<"added ", {4}, "in state", {2, 3}, "reaching state", {2, 3, 4}>>
<<"added ", {1, 4}, "in state", {2, 3}, "reaching state", {1, 2, 3, 4}>>
<<"added ", {1}, "in state", {4}, "reaching state", {1, 4}>>
<<"added ", {2}, "in state", {4}, "reaching state", {2, 4}>>
<<"added ", {3}, "in state", {4}, "reaching state", {3, 4}>>
<<"added ", {1, 2}, "in state", {4}, "reaching state", {1, 2, 4}>>
<<"added ", {1, 3}, "in state", {4}, "reaching state", {1, 3, 4}>>
<<"added ", {2, 3}, "in state", {4}, "reaching state", {2, 3, 4}>>
<<"added ", {1, 2, 3}, "in state", {4}, "reaching state", {1, 2, 3, 4}>>
<<"added ", {1}, "in state", {4}, "reaching state", {1, 4}>>
<<"added ", {1}, "in state", {4}, "reaching state", {1, 4}>>
<<"added ", {1}, "in state", {4}, "reaching state", {1, 4}>>
<<"added ", {2}, "in state", {4}, "reaching state", {2, 4}>>
<<"added ", {3}, "in state", {4}, "reaching state", {3, 4}>>
<<"added ", {1, 2}, "in state", {4}, "reaching state", {1, 2, 4}>>
<<"added ", {1, 3}, "in state", {4}, "reaching state", {1, 3, 4}>>
<<"added ", {2, 3}, "in state", {4}, "reaching state", {2, 3, 4}>>
<<"added ", {1, 2, 3}, "in state", {4}, "reaching state", {1, 2, 3, 4}>>
<<"added ", {2}, "in state", {1, 4}, "reaching state", {1, 2, 4}>>
<<"added ", {3}, "in state", {1, 4}, "reaching state", {1, 3, 4}>>
<<"added ", {2, 3}, "in state", {1, 4}, "reaching state", {1, 2, 3, 4}>>
<<"added ", {2}, "in state", {1, 4}, "reaching state", {1, 2, 4}>>
<<"added ", {2}, "in state", {1, 4}, "reaching state", {1, 2, 4}>>
<<"added ", {2}, "in state", {1, 4}, "reaching state", {1, 2, 4}>>
<<"added ", {3}, "in state", {1, 4}, "reaching state", {1, 3, 4}>>
<<"added ", {2, 3}, "in state", {1, 4}, "reaching state", {1, 2, 3, 4}>>
<<"added ", {3}, "in state", {1, 4}, "reaching state", {1, 3, 4}>>
<<"added ", {2}, "in state", {1, 4}, "reaching state", {1, 2, 4}>>
<<"added ", {3}, "in state", {1, 4}, "reaching state", {1, 3, 4}>>
<<"added ", {3}, "in state", {1, 4}, "reaching state", {1, 3, 4}>>
<<"added ", {2, 3}, "in state", {1, 4}, "reaching state", {1, 2, 3, 4}>>
<<"added ", {2, 3}, "in state", {1, 4}, "reaching state", {1, 2, 3, 4}>>
<<"added ", {2}, "in state", {1, 4}, "reaching state", {1, 2, 4}>>
<<"added ", {3}, "in state", {1, 4}, "reaching state", {1, 3, 4}>>
<<"added ", {2, 3}, "in state", {1, 4}, "reaching state", {1, 2, 3, 4}>>
<<"added ", {2, 3}, "in state", {1, 4}, "reaching state", {1, 2, 3, 4}>>
<<"added ", {2}, "in state", {1, 4}, "reaching state", {1, 2, 4}>>
<<"added ", {3}, "in state", {1, 4}, "reaching state", {1, 3, 4}>>
<<"added ", {2, 3}, "in state", {1, 4}, "reaching state", {1, 2, 3, 4}>>
<<"added ", {2}, "in state", {4}, "reaching state", {2, 4}>>
<<"added ", {1}, "in state", {4}, "reaching state", {1, 4}>>
<<"added ", {2}, "in state", {4}, "reaching state", {2, 4}>>
<<"added ", {2}, "in state", {4}, "reaching state", {2, 4}>>
<<"added ", {3}, "in state", {4}, "reaching state", {3, 4}>>
<<"added ", {1, 2}, "in state", {4}, "reaching state", {1, 2, 4}>>
<<"added ", {1, 3}, "in state", {4}, "reaching state", {1, 3, 4}>>
<<"added ", {2, 3}, "in state", {4}, "reaching state", {2, 3, 4}>>
<<"added ", {1, 2, 3}, "in state", {4}, "reaching state", {1, 2, 3, 4}>>
<<"added ", {1}, "in state", {2, 4}, "reaching state", {1, 2, 4}>>
<<"added ", {3}, "in state", {2, 4}, "reaching state", {2, 3, 4}>>
<<"added ", {1, 3}, "in state", {2, 4}, "reaching state", {1, 2, 3, 4}>>
<<"added ", {1}, "in state", {2, 4}, "reaching state", {1, 2, 4}>>
<<"added ", {1}, "in state", {2, 4}, "reaching state", {1, 2, 4}>>
<<"added ", {1}, "in state", {2, 4}, "reaching state", {1, 2, 4}>>
<<"added ", {3}, "in state", {2, 4}, "reaching state", {2, 3, 4}>>
<<"added ", {1, 3}, "in state", {2, 4}, "reaching state", {1, 2, 3, 4}>>
<<"added ", {3}, "in state", {2, 4}, "reaching state", {2, 3, 4}>>
<<"added ", {1}, "in state", {2, 4}, "reaching state", {1, 2, 4}>>
<<"added ", {3}, "in state", {2, 4}, "reaching state", {2, 3, 4}>>
<<"added ", {3}, "in state", {2, 4}, "reaching state", {2, 3, 4}>>
<<"added ", {1, 3}, "in state", {2, 4}, "reaching state", {1, 2, 3, 4}>>
<<"added ", {1, 3}, "in state", {2, 4}, "reaching state", {1, 2, 3, 4}>>
<<"added ", {1}, "in state", {2, 4}, "reaching state", {1, 2, 4}>>
<<"added ", {3}, "in state", {2, 4}, "reaching state", {2, 3, 4}>>
<<"added ", {1, 3}, "in state", {2, 4}, "reaching state", {1, 2, 3, 4}>>
<<"added ", {1, 3}, "in state", {2, 4}, "reaching state", {1, 2, 3, 4}>>
<<"added ", {1}, "in state", {2, 4}, "reaching state", {1, 2, 4}>>
<<"added ", {3}, "in state", {2, 4}, "reaching state", {2, 3, 4}>>
<<"added ", {1, 3}, "in state", {2, 4}, "reaching state", {1, 2, 3, 4}>>
<<"added ", {3}, "in state", {4}, "reaching state", {3, 4}>>
<<"added ", {1}, "in state", {4}, "reaching state", {1, 4}>>
<<"added ", {2}, "in state", {4}, "reaching state", {2, 4}>>
<<"added ", {3}, "in state", {4}, "reaching state", {3, 4}>>
<<"added ", {3}, "in state", {4}, "reaching state", {3, 4}>>
<<"added ", {1, 2}, "in state", {4}, "reaching state", {1, 2, 4}>>
<<"added ", {1, 3}, "in state", {4}, "reaching state", {1, 3, 4}>>
<<"added ", {2, 3}, "in state", {4}, "reaching state", {2, 3, 4}>>
<<"added ", {1, 2, 3}, "in state", {4}, "reaching state", {1, 2, 3, 4}>>
<<"added ", {1}, "in state", {3, 4}, "reaching state", {1, 3, 4}>>
<<"added ", {2}, "in state", {3, 4}, "reaching state", {2, 3, 4}>>
<<"added ", {1, 2}, "in state", {3, 4}, "reaching state", {1, 2, 3, 4}>>
<<"added ", {1}, "in state", {3, 4}, "reaching state", {1, 3, 4}>>
<<"added ", {1}, "in state", {3, 4}, "reaching state", {1, 3, 4}>>
<<"added ", {1}, "in state", {3, 4}, "reaching state", {1, 3, 4}>>
<<"added ", {2}, "in state", {3, 4}, "reaching state", {2, 3, 4}>>
<<"added ", {1, 2}, "in state", {3, 4}, "reaching state", {1, 2, 3, 4}>>
<<"added ", {2}, "in state", {3, 4}, "reaching state", {2, 3, 4}>>
<<"added ", {1}, "in state", {3, 4}, "reaching state", {1, 3, 4}>>
<<"added ", {2}, "in state", {3, 4}, "reaching state", {2, 3, 4}>>
<<"added ", {2}, "in state", {3, 4}, "reaching state", {2, 3, 4}>>
<<"added ", {1, 2}, "in state", {3, 4}, "reaching state", {1, 2, 3, 4}>>
<<"added ", {1, 2}, "in state", {3, 4}, "reaching state", {1, 2, 3, 4}>>
<<"added ", {1}, "in state", {3, 4}, "reaching state", {1, 3, 4}>>
<<"added ", {2}, "in state", {3, 4}, "reaching state", {2, 3, 4}>>
<<"added ", {1, 2}, "in state", {3, 4}, "reaching state", {1, 2, 3, 4}>>
<<"added ", {1, 2}, "in state", {3, 4}, "reaching state", {1, 2, 3, 4}>>
<<"added ", {1}, "in state", {3, 4}, "reaching state", {1, 3, 4}>>
<<"added ", {2}, "in state", {3, 4}, "reaching state", {2, 3, 4}>>
<<"added ", {1, 2}, "in state", {3, 4}, "reaching state", {1, 2, 3, 4}>>
<<"added ", {1, 2}, "in state", {4}, "reaching state", {1, 2, 4}>>
<<"added ", {1}, "in state", {4}, "reaching state", {1, 4}>>
<<"added ", {2}, "in state", {4}, "reaching state", {2, 4}>>
<<"added ", {3}, "in state", {4}, "reaching state", {3, 4}>>
<<"added ", {1, 2}, "in state", {4}, "reaching state", {1, 2, 4}>>
<<"added ", {1, 2}, "in state", {4}, "reaching state", {1, 2, 4}>>
<<"added ", {1, 3}, "in state", {4}, "reaching state", {1, 3, 4}>>
<<"added ", {2, 3}, "in state", {4}, "reaching state", {2, 3, 4}>>
<<"added ", {1, 2, 3}, "in state", {4}, "reaching state", {1, 2, 3, 4}>>
<<"added ", {1, 3}, "in state", {4}, "reaching state", {1, 3, 4}>>
<<"added ", {1}, "in state", {4}, "reaching state", {1, 4}>>
<<"added ", {2}, "in state", {4}, "reaching state", {2, 4}>>
<<"added ", {3}, "in state", {4}, "reaching state", {3, 4}>>
<<"added ", {1, 2}, "in state", {4}, "reaching state", {1, 2, 4}>>
<<"added ", {1, 3}, "in state", {4}, "reaching state", {1, 3, 4}>>
<<"added ", {1, 3}, "in state", {4}, "reaching state", {1, 3, 4}>>
<<"added ", {2, 3}, "in state", {4}, "reaching state", {2, 3, 4}>>
<<"added ", {1, 2, 3}, "in state", {4}, "reaching state", {1, 2, 3, 4}>>
<<"added ", {2, 3}, "in state", {4}, "reaching state", {2, 3, 4}>>
<<"added ", {1}, "in state", {4}, "reaching state", {1, 4}>>
<<"added ", {2}, "in state", {4}, "reaching state", {2, 4}>>
<<"added ", {3}, "in state", {4}, "reaching state", {3, 4}>>
<<"added ", {1, 2}, "in state", {4}, "reaching state", {1, 2, 4}>>
<<"added ", {1, 3}, "in state", {4}, "reaching state", {1, 3, 4}>>
<<"added ", {2, 3}, "in state", {4}, "reaching state", {2, 3, 4}>>
<<"added ", {2, 3}, "in state", {4}, "reaching state", {2, 3, 4}>>
<<"added ", {1, 2, 3}, "in state", {4}, "reaching state", {1, 2, 3, 4}>>
<<"added ", {1, 2, 3}, "in state", {4}, "reaching state", {1, 2, 3, 4}>>
<<"added ", {1}, "in state", {4}, "reaching state", {1, 4}>>
<<"added ", {2}, "in state", {4}, "reaching state", {2, 4}>>
<<"added ", {3}, "in state", {4}, "reaching state", {3, 4}>>
<<"added ", {1, 2}, "in state", {4}, "reaching state", {1, 2, 4}>>
<<"added ", {1, 3}, "in state", {4}, "reaching state", {1, 3, 4}>>
<<"added ", {2, 3}, "in state", {4}, "reaching state", {2, 3, 4}>>
<<"added ", {1, 2, 3}, "in state", {4}, "reaching state", {1, 2, 3, 4}>>
<<"added ", {1, 2, 3}, "in state", {4}, "reaching state", {1, 2, 3, 4}>>
<<"added ", {1}, "in state", {4}, "reaching state", {1, 4}>>
<<"added ", {2}, "in state", {4}, "reaching state", {2, 4}>>
<<"added ", {3}, "in state", {4}, "reaching state", {3, 4}>>
<<"added ", {1, 2}, "in state", {4}, "reaching state", {1, 2, 4}>>
<<"added ", {1, 3}, "in state", {4}, "reaching state", {1, 3, 4}>>
<<"added ", {2, 3}, "in state", {4}, "reaching state", {2, 3, 4}>>
<<"added ", {1, 2, 3}, "in state", {4}, "reaching state", {1, 2, 3, 4}>>
<<"added ", {2}, "in state", {1}, "reaching state", {1, 2}>>
<<"added ", {3}, "in state", {1}, "reaching state", {1, 3}>>
<<"added ", {4}, "in state", {1}, "reaching state", {1, 4}>>
<<"added ", {2, 3}, "in state", {1}, "reaching state", {1, 2, 3}>>
<<"added ", {2, 4}, "in state", {1}, "reaching state", {1, 2, 4}>>
<<"added ", {3, 4}, "in state", {1}, "reaching state", {1, 3, 4}>>
<<"added ", {2, 3, 4}, "in state", {1}, "reaching state", {1, 2, 3, 4}>>
<<"added ", {2}, "in state", {1}, "reaching state", {1, 2}>>
<<"added ", {2}, "in state", {1}, "reaching state", {1, 2}>>
<<"added ", {2}, "in state", {1}, "reaching state", {1, 2}>>
<<"added ", {3}, "in state", {1}, "reaching state", {1, 3}>>
<<"added ", {4}, "in state", {1}, "reaching state", {1, 4}>>
<<"added ", {2, 3}, "in state", {1}, "reaching state", {1, 2, 3}>>
<<"added ", {2, 4}, "in state", {1}, "reaching state", {1, 2, 4}>>
<<"added ", {3, 4}, "in state", {1}, "reaching state", {1, 3, 4}>>
<<"added ", {2, 3, 4}, "in state", {1}, "reaching state", {1, 2, 3, 4}>>
<<"added ", {3}, "in state", {1}, "reaching state", {1, 3}>>
<<"added ", {2}, "in state", {1}, "reaching state", {1, 2}>>
<<"added ", {3}, "in state", {1}, "reaching state", {1, 3}>>
<<"added ", {3}, "in state", {1}, "reaching state", {1, 3}>>
<<"added ", {4}, "in state", {1}, "reaching state", {1, 4}>>
<<"added ", {2, 3}, "in state", {1}, "reaching state", {1, 2, 3}>>
<<"added ", {2, 4}, "in state", {1}, "reaching state", {1, 2, 4}>>
<<"added ", {3, 4}, "in state", {1}, "reaching state", {1, 3, 4}>>
<<"added ", {2, 3, 4}, "in state", {1}, "reaching state", {1, 2, 3, 4}>>
<<"added ", {2}, "in state", {1, 3}, "reaching state", {1, 2, 3}>>
<<"added ", {4}, "in state", {1, 3}, "reaching state", {1, 3, 4}>>
<<"added ", {2, 4}, "in state", {1, 3}, "reaching state", {1, 2, 3, 4}>>
<<"added ", {2}, "in state", {1, 3}, "reaching state", {1, 2, 3}>>
<<"added ", {2}, "in state", {1, 3}, "reaching state", {1, 2, 3}>>
<<"added ", {2}, "in state", {1, 3}, "reaching state", {1, 2, 3}>>
<<"added ", {4}, "in state", {1, 3}, "reaching state", {1, 3, 4}>>
<<"added ", {2, 4}, "in state", {1, 3}, "reaching state", {1, 2, 3, 4}>>
<<"added ", {4}, "in state", {1, 3}, "reaching state", {1, 3, 4}>>
<<"added ", {2}, "in state", {1, 3}, "reaching state", {1, 2, 3}>>
<<"added ", {4}, "in state", {1, 3}, "reaching state", {1, 3, 4}>>
<<"added ", {4}, "in state", {1, 3}, "reaching state", {1, 3, 4}>>
<<"added ", {2, 4}, "in state", {1, 3}, "reaching state", {1, 2, 3, 4}>>
<<"added ", {2, 4}, "in state", {1, 3}, "reaching state", {1, 2, 3, 4}>>
<<"added ", {2}, "in state", {1, 3}, "reaching state", {1, 2, 3}>>
<<"added ", {4}, "in state", {1, 3}, "reaching state", {1, 3, 4}>>
<<"added ", {2, 4}, "in state", {1, 3}, "reaching state", {1, 2, 3, 4}>>
<<"added ", {2, 4}, "in state", {1, 3}, "reaching state", {1, 2, 3, 4}>>
<<"added ", {2}, "in state", {1, 3}, "reaching state", {1, 2, 3}>>
<<"added ", {4}, "in state", {1, 3}, "reaching state", {1, 3, 4}>>
<<"added ", {2, 4}, "in state", {1, 3}, "reaching state", {1, 2, 3, 4}>>
<<"added ", {4}, "in state", {1}, "reaching state", {1, 4}>>
<<"added ", {2}, "in state", {1}, "reaching state", {1, 2}>>
<<"added ", {3}, "in state", {1}, "reaching state", {1, 3}>>
<<"added ", {4}, "in state", {1}, "reaching state", {1, 4}>>
<<"added ", {4}, "in state", {1}, "reaching state", {1, 4}>>
<<"added ", {2, 3}, "in state", {1}, "reaching state", {1, 2, 3}>>
<<"added ", {2, 4}, "in state", {1}, "reaching state", {1, 2, 4}>>
<<"added ", {3, 4}, "in state", {1}, "reaching state", {1, 3, 4}>>
<<"added ", {2, 3, 4}, "in state", {1}, "reaching state", {1, 2, 3, 4}>>
<<"added ", {2, 3}, "in state", {1}, "reaching state", {1, 2, 3}>>
<<"added ", {2}, "in state", {1}, "reaching state", {1, 2}>>
<<"added ", {3}, "in state", {1}, "reaching state", {1, 3}>>
<<"added ", {4}, "in state", {1}, "reaching state", {1, 4}>>
<<"added ", {2, 3}, "in state", {1}, "reaching state", {1, 2, 3}>>
<<"added ", {2, 3}, "in state", {1}, "reaching state", {1, 2, 3}>>
<<"added ", {2, 4}, "in state", {1}, "reaching state", {1, 2, 4}>>
<<"added ", {3, 4}, "in state", {1}, "reaching state", {1, 3, 4}>>
<<"added ", {2, 3, 4}, "in state", {1}, "reaching state", {1, 2, 3, 4}>>
<<"added ", {2, 4}, "in state", {1}, "reaching state", {1, 2, 4}>>
<<"added ", {2}, "in state", {1}, "reaching state", {1, 2}>>
<<"added ", {3}, "in state", {1}, "reaching state", {1, 3}>>
<<"added ", {4}, "in state", {1}, "reaching state", {1, 4}>>
<<"added ", {2, 3}, "in state", {1}, "reaching state", {1, 2, 3}>>
<<"added ", {2, 4}, "in state", {1}, "reaching state", {1, 2, 4}>>
<<"added ", {2, 4}, "in state", {1}, "reaching state", {1, 2, 4}>>
<<"added ", {3, 4}, "in state", {1}, "reaching state", {1, 3, 4}>>
<<"added ", {2, 3, 4}, "in state", {1}, "reaching state", {1, 2, 3, 4}>>
<<"added ", {3, 4}, "in state", {1}, "reaching state", {1, 3, 4}>>
<<"added ", {2}, "in state", {1}, "reaching state", {1, 2}>>
<<"added ", {3}, "in state", {1}, "reaching state", {1, 3}>>
<<"added ", {4}, "in state", {1}, "reaching state", {1, 4}>>
<<"added ", {2, 3}, "in state", {1}, "reaching state", {1, 2, 3}>>
<<"added ", {2, 4}, "in state", {1}, "reaching state", {1, 2, 4}>>
<<"added ", {3, 4}, "in state", {1}, "reaching state", {1, 3, 4}>>
<<"added ", {3, 4}, "in state", {1}, "reaching state", {1, 3, 4}>>
<<"added ", {2, 3, 4}, "in state", {1}, "reaching state", {1, 2, 3, 4}>>
<<"added ", {2, 3, 4}, "in state", {1}, "reaching state", {1, 2, 3, 4}>>
<<"added ", {2}, "in state", {1}, "reaching state", {1, 2}>>
<<"added ", {3}, "in state", {1}, "reaching state", {1, 3}>>
<<"added ", {4}, "in state", {1}, "reaching state", {1, 4}>>
<<"added ", {2, 3}, "in state", {1}, "reaching state", {1, 2, 3}>>
<<"added ", {2, 4}, "in state", {1}, "reaching state", {1, 2, 4}>>
<<"added ", {3, 4}, "in state", {1}, "reaching state", {1, 3, 4}>>
<<"added ", {2, 3, 4}, "in state", {1}, "reaching state", {1, 2, 3, 4}>>
<<"added ", {2, 3, 4}, "in state", {1}, "reaching state", {1, 2, 3, 4}>>
<<"added ", {2}, "in state", {1}, "reaching state", {1, 2}>>
<<"added ", {3}, "in state", {1}, "reaching state", {1, 3}>>
<<"added ", {4}, "in state", {1}, "reaching state", {1, 4}>>
<<"added ", {2, 3}, "in state", {1}, "reaching state", {1, 2, 3}>>
<<"added ", {2, 4}, "in state", {1}, "reaching state", {1, 2, 4}>>
<<"added ", {3, 4}, "in state", {1}, "reaching state", {1, 3, 4}>>
<<"added ", {2, 3, 4}, "in state", {1}, "reaching state", {1, 2, 3, 4}>>
<<"added ", {1}, "in state", {3}, "reaching state", {1, 3}>>
<<"added ", {2}, "in state", {3}, "reaching state", {2, 3}>>
<<"added ", {4}, "in state", {3}, "reaching state", {3, 4}>>
<<"added ", {1, 2}, "in state", {3}, "reaching state", {1, 2, 3}>>
<<"added ", {1, 4}, "in state", {3}, "reaching state", {1, 3, 4}>>
<<"added ", {2, 4}, "in state", {3}, "reaching state", {2, 3, 4}>>
<<"added ", {1, 2, 4}, "in state", {3}, "reaching state", {1, 2, 3, 4}>>
<<"added ", {1}, "in state", {3}, "reaching state", {1, 3}>>
<<"added ", {1}, "in state", {3}, "reaching state", {1, 3}>>
<<"added ", {1}, "in state", {3}, "reaching state", {1, 3}>>
<<"added ", {2}, "in state", {3}, "reaching state", {2, 3}>>
<<"added ", {4}, "in state", {3}, "reaching state", {3, 4}>>
<<"added ", {1, 2}, "in state", {3}, "reaching state", {1, 2, 3}>>
<<"added ", {1, 4}, "in state", {3}, "reaching state", {1, 3, 4}>>
<<"added ", {2, 4}, "in state", {3}, "reaching state", {2, 3, 4}>>
<<"added ", {1, 2, 4}, "in state", {3}, "reaching state", {1, 2, 3, 4}>>
<<"added ", {2}, "in state", {3}, "reaching state", {2, 3}>>
<<"added ", {1}, "in state", {3}, "reaching state", {1, 3}>>
<<"added ", {2}, "in state", {3}, "reaching state", {2, 3}>>
<<"added ", {2}, "in state", {3}, "reaching state", {2, 3}>>
<<"added ", {4}, "in state", {3}, "reaching state", {3, 4}>>
<<"added ", {1, 2}, "in state", {3}, "reaching state", {1, 2, 3}>>
<<"added ", {1, 4}, "in state", {3}, "reaching state", {1, 3, 4}>>
<<"added ", {2, 4}, "in state", {3}, "reaching state", {2, 3, 4}>>
<<"added ", {1, 2, 4}, "in state", {3}, "reaching state", {1, 2, 3, 4}>>
<<"added ", {4}, "in state", {3}, "reaching state", {3, 4}>>
<<"added ", {1}, "in state", {3}, "reaching state", {1, 3}>>
<<"added ", {2}, "in state", {3}, "reaching state", {2, 3}>>
<<"added ", {4}, "in state", {3}, "reaching state", {3, 4}>>
<<"added ", {4}, "in state", {3}, "reaching state", {3, 4}>>
<<"added ", {1, 2}, "in state", {3}, "reaching state", {1, 2, 3}>>
<<"added ", {1, 4}, "in state", {3}, "reaching state", {1, 3, 4}>>
<<"added ", {2, 4}, "in state", {3}, "reaching state", {2, 3, 4}>>
<<"added ", {1, 2, 4}, "in state", {3}, "reaching state", {1, 2, 3, 4}>>
<<"added ", {1, 2}, "in state", {3}, "reaching state", {1, 2, 3}>>
<<"added ", {1}, "in state", {3}, "reaching state", {1, 3}>>
<<"added ", {2}, "in state", {3}, "reaching state", {2, 3}>>
<<"added ", {4}, "in state", {3}, "reaching state", {3, 4}>>
<<"added ", {1, 2}, "in state", {3}, "reaching state", {1, 2, 3}>>
<<"added ", {1, 2}, "in state", {3}, "reaching state", {1, 2, 3}>>
<<"added ", {1, 4}, "in state", {3}, "reaching state", {1, 3, 4}>>
<<"added ", {2, 4}, "in state", {3}, "reaching state", {2, 3, 4}>>
<<"added ", {1, 2, 4}, "in state", {3}, "reaching state", {1, 2, 3, 4}>>
<<"added ", {1, 4}, "in state", {3}, "reaching state", {1, 3, 4}>>
<<"added ", {1}, "in state", {3}, "reaching state", {1, 3}>>
<<"added ", {2}, "in state", {3}, "reaching state", {2, 3}>>
<<"added ", {4}, "in state", {3}, "reaching state", {3, 4}>>
<<"added ", {1, 2}, "in state", {3}, "reaching state", {1, 2, 3}>>
<<"added ", {1, 4}, "in state", {3}, "reaching state", {1, 3, 4}>>
<<"added ", {1, 4}, "in state", {3}, "reaching state", {1, 3, 4}>>
<<"added ", {2, 4}, "in state", {3}, "reaching state", {2, 3, 4}>>
<<"added ", {1, 2, 4}, "in state", {3}, "reaching state", {1, 2, 3, 4}>>
<<"added ", {2, 4}, "in state", {3}, "reaching state", {2, 3, 4}>>
<<"added ", {1}, "in state", {3}, "reaching state", {1, 3}>>
<<"added ", {2}, "in state", {3}, "reaching state", {2, 3}>>
<<"added ", {4}, "in state", {3}, "reaching state", {3, 4}>>
<<"added ", {1, 2}, "in state", {3}, "reaching state", {1, 2, 3}>>
<<"added ", {1, 4}, "in state", {3}, "reaching state", {1, 3, 4}>>
<<"added ", {2, 4}, "in state", {3}, "reaching state", {2, 3, 4}>>
<<"added ", {2, 4}, "in state", {3}, "reaching state", {2, 3, 4}>>
<<"added ", {1, 2, 4}, "in state", {3}, "reaching state", {1, 2, 3, 4}>>
<<"added ", {1, 2, 4}, "in state", {3}, "reaching state", {1, 2, 3, 4}>>
<<"added ", {1}, "in state", {3}, "reaching state", {1, 3}>>
<<"added ", {2}, "in state", {3}, "reaching state", {2, 3}>>
<<"added ", {4}, "in state", {3}, "reaching state", {3, 4}>>
<<"added ", {1, 2}, "in state", {3}, "reaching state", {1, 2, 3}>>
<<"added ", {1, 4}, "in state", {3}, "reaching state", {1, 3, 4}>>
<<"added ", {2, 4}, "in state", {3}, "reaching state", {2, 3, 4}>>
<<"added ", {1, 2, 4}, "in state", {3}, "reaching state", {1, 2, 3, 4}>>
<<"added ", {1, 2, 4}, "in state", {3}, "reaching state", {1, 2, 3, 4}>>
<<"added ", {1}, "in state", {3}, "reaching state", {1, 3}>>
<<"added ", {2}, "in state", {3}, "reaching state", {2, 3}>>
<<"added ", {4}, "in state", {3}, "reaching state", {3, 4}>>
<<"added ", {1, 2}, "in state", {3}, "reaching state", {1, 2, 3}>>
<<"added ", {1, 4}, "in state", {3}, "reaching state", {1, 3, 4}>>
<<"added ", {2, 4}, "in state", {3}, "reaching state", {2, 3, 4}>>
<<"added ", {1, 2, 4}, "in state", {3}, "reaching state", {1, 2, 3, 4}>>
<<"added ", {1}, "in state", {2}, "reaching state", {1, 2}>>
<<"added ", {3}, "in state", {2}, "reaching state", {2, 3}>>
<<"added ", {4}, "in state", {2}, "reaching state", {2, 4}>>
<<"added ", {1, 3}, "in state", {2}, "reaching state", {1, 2, 3}>>
<<"added ", {1, 4}, "in state", {2}, "reaching state", {1, 2, 4}>>
<<"added ", {3, 4}, "in state", {2}, "reaching state", {2, 3, 4}>>
<<"added ", {1, 3, 4}, "in state", {2}, "reaching state", {1, 2, 3, 4}>>
<<"added ", {1}, "in state", {2}, "reaching state", {1, 2}>>
<<"added ", {1}, "in state", {2}, "reaching state", {1, 2}>>
<<"added ", {1}, "in state", {2}, "reaching state", {1, 2}>>
<<"added ", {3}, "in state", {2}, "reaching state", {2, 3}>>
<<"added ", {4}, "in state", {2}, "reaching state", {2, 4}>>
<<"added ", {1, 3}, "in state", {2}, "reaching state", {1, 2, 3}>>
<<"added ", {1, 4}, "in state", {2}, "reaching state", {1, 2, 4}>>
<<"added ", {3, 4}, "in state", {2}, "reaching state", {2, 3, 4}>>
<<"added ", {1, 3, 4}, "in state", {2}, "reaching state", {1, 2, 3, 4}>>
<<"added ", {3}, "in state", {2}, "reaching state", {2, 3}>>
<<"added ", {1}, "in state", {2}, "reaching state", {1, 2}>>
<<"added ", {3}, "in state", {2}, "reaching state", {2, 3}>>
<<"added ", {3}, "in state", {2}, "reaching state", {2, 3}>>
<<"added ", {4}, "in state", {2}, "reaching state", {2, 4}>>
<<"added ", {1, 3}, "in state", {2}, "reaching state", {1, 2, 3}>>
<<"added ", {1, 4}, "in state", {2}, "reaching state", {1, 2, 4}>>
<<"added ", {3, 4}, "in state", {2}, "reaching state", {2, 3, 4}>>
<<"added ", {1, 3, 4}, "in state", {2}, "reaching state", {1, 2, 3, 4}>>
<<"added ", {4}, "in state", {2}, "reaching state", {2, 4}>>
<<"added ", {1}, "in state", {2}, "reaching state", {1, 2}>>
<<"added ", {3}, "in state", {2}, "reaching state", {2, 3}>>
<<"added ", {4}, "in state", {2}, "reaching state", {2, 4}>>
<<"added ", {4}, "in state", {2}, "reaching state", {2, 4}>>
<<"added ", {1, 3}, "in state", {2}, "reaching state", {1, 2, 3}>>
<<"added ", {1, 4}, "in state", {2}, "reaching state", {1, 2, 4}>>
<<"added ", {3, 4}, "in state", {2}, "reaching state", {2, 3, 4}>>
<<"added ", {1, 3, 4}, "in state", {2}, "reaching state", {1, 2, 3, 4}>>
<<"added ", {1, 3}, "in state", {2}, "reaching state", {1, 2, 3}>>
<<"added ", {1}, "in state", {2}, "reaching state", {1, 2}>>
<<"added ", {3}, "in state", {2}, "reaching state", {2, 3}>>
<<"added ", {4}, "in state", {2}, "reaching state", {2, 4}>>
<<"added ", {1, 3}, "in state", {2}, "reaching state", {1, 2, 3}>>
<<"added ", {1, 3}, "in state", {2}, "reaching state", {1, 2, 3}>>
<<"added ", {1, 4}, "in state", {2}, "reaching state", {1, 2, 4}>>
<<"added ", {3, 4}, "in state", {2}, "reaching state", {2, 3, 4}>>
<<"added ", {1, 3, 4}, "in state", {2}, "reaching state", {1, 2, 3, 4}>>
<<"added ", {1, 4}, "in state", {2}, "reaching state", {1, 2, 4}>>
<<"added ", {1}, "in state", {2}, "reaching state", {1, 2}>>
<<"added ", {3}, "in state", {2}, "reaching state", {2, 3}>>
<<"added ", {4}, "in state", {2}, "reaching state", {2, 4}>>
<<"added ", {1, 3}, "in state", {2}, "reaching state", {1, 2, 3}>>
<<"added ", {1, 4}, "in state", {2}, "reaching state", {1, 2, 4}>>
<<"added ", {1, 4}, "in state", {2}, "reaching state", {1, 2, 4}>>
<<"added ", {3, 4}, "in state", {2}, "reaching state", {2, 3, 4}>>
<<"added ", {1, 3, 4}, "in state", {2}, "reaching state", {1, 2, 3, 4}>>
<<"added ", {3, 4}, "in state", {2}, "reaching state", {2, 3, 4}>>
<<"added ", {1}, "in state", {2}, "reaching state", {1, 2}>>
<<"added ", {3}, "in state", {2}, "reaching state", {2, 3}>>
<<"added ", {4}, "in state", {2}, "reaching state", {2, 4}>>
<<"added ", {1, 3}, "in state", {2}, "reaching state", {1, 2, 3}>>
<<"added ", {1, 4}, "in state", {2}, "reaching state", {1, 2, 4}>>
<<"added ", {3, 4}, "in state", {2}, "reaching state", {2, 3, 4}>>
<<"added ", {3, 4}, "in state", {2}, "reaching state", {2, 3, 4}>>
<<"added ", {1, 3, 4}, "in state", {2}, "reaching state", {1, 2, 3, 4}>>
<<"added ", {1, 3, 4}, "in state", {2}, "reaching state", {1, 2, 3, 4}>>
<<"added ", {1}, "in state", {2}, "reaching state", {1, 2}>>
<<"added ", {3}, "in state", {2}, "reaching state", {2, 3}>>
<<"added ", {4}, "in state", {2}, "reaching state", {2, 4}>>
<<"added ", {1, 3}, "in state", {2}, "reaching state", {1, 2, 3}>>
<<"added ", {1, 4}, "in state", {2}, "reaching state", {1, 2, 4}>>
<<"added ", {3, 4}, "in state", {2}, "reaching state", {2, 3, 4}>>
<<"added ", {1, 3, 4}, "in state", {2}, "reaching state", {1, 2, 3, 4}>>
<<"added ", {1, 3, 4}, "in state", {2}, "reaching state", {1, 2, 3, 4}>>
<<"added ", {1}, "in state", {2}, "reaching state", {1, 2}>>
<<"added ", {3}, "in state", {2}, "reaching state", {2, 3}>>
<<"added ", {4}, "in state", {2}, "reaching state", {2, 4}>>
<<"added ", {1, 3}, "in state", {2}, "reaching state", {1, 2, 3}>>
<<"added ", {1, 4}, "in state", {2}, "reaching state", {1, 2, 4}>>
<<"added ", {3, 4}, "in state", {2}, "reaching state", {2, 3, 4}>>
<<"added ", {1, 3, 4}, "in state", {2}, "reaching state", {1, 2, 3, 4}>>
@!@!@STARTMSG 2200:0 @!@!@
Progress(4) at 2022-08-04 11:16:40: 82 states generated, 16 distinct states found, 0 states left on queue.
@!@!@ENDMSG 2200 @!@!@
@!@!@STARTMSG 2192:0 @!@!@
Checking temporal properties for the complete state space with 16 total distinct states at (2022-08-04 11:16:40)
@!@!@ENDMSG 2192 @!@!@
@!@!@STARTMSG 2267:0 @!@!@
Finished checking temporal properties in 00s at 2022-08-04 11:16:40
@!@!@ENDMSG 2267 @!@!@
@!@!@STARTMSG 2193:0 @!@!@
Model checking completed. No error has been found.
  Estimates of the probability that TLC did not check all reachable states
  because two distinct states had the same fingerprint:
  calculated (optimistic):  val = 5.7E-17
@!@!@ENDMSG 2193 @!@!@
@!@!@STARTMSG 2201:0 @!@!@
The coverage statistics at 2022-08-04 11:16:40
@!@!@ENDMSG 2201 @!@!@
@!@!@STARTMSG 2773:0 @!@!@
<Init line 21, col 1 to line 21, col 4 of module AbstractMempoolSpecFinite>: 1:1
@!@!@ENDMSG 2773 @!@!@
@!@!@STARTMSG 2221:0 @!@!@
  line 21, col 9 to line 21, col 20 of module AbstractMempoolSpecFinite: 1
@!@!@ENDMSG 2221 @!@!@
@!@!@STARTMSG 2772:0 @!@!@
<Next line 25, col 1 to line 25, col 7 of module AbstractMempoolSpecFinite>: 15:115
@!@!@ENDMSG 2772 @!@!@
@!@!@STARTMSG 2221:0 @!@!@
  line 27, col 6 to line 27, col 24 of module AbstractMempoolSpecFinite: 595
@!@!@ENDMSG 2221 @!@!@
@!@!@STARTMSG 2221:0 @!@!@
  |line 27, col 6 to line 27, col 6 of module AbstractMempoolSpecFinite: 480
@!@!@ENDMSG 2221 @!@!@
@!@!@STARTMSG 2221:0 @!@!@
  |line 27, col 18 to line 27, col 24 of module AbstractMempoolSpecFinite: 480
@!@!@ENDMSG 2221 @!@!@
@!@!@STARTMSG 2221:0 @!@!@
  line 28, col 6 to line 28, col 19 of module AbstractMempoolSpecFinite: 115
@!@!@ENDMSG 2221 @!@!@
@!@!@STARTMSG 2221:0 @!@!@
  |line 28, col 18 to line 28, col 18 of module AbstractMempoolSpecFinite: 480
@!@!@ENDMSG 2221 @!@!@
@!@!@STARTMSG 2221:0 @!@!@
  line 30, col 6 to line 30, col 11 of module AbstractMempoolSpecFinite: 595
@!@!@ENDMSG 2221 @!@!@
@!@!@STARTMSG 2221:0 @!@!@
  |line 30, col 6 to line 30, col 6 of module AbstractMempoolSpecFinite: 480
@!@!@ENDMSG 2221 @!@!@
@!@!@STARTMSG 2221:0 @!@!@
  |line 30, col 10 to line 30, col 11 of module AbstractMempoolSpecFinite: 480
@!@!@ENDMSG 2221 @!@!@
@!@!@STARTMSG 2221:0 @!@!@
  line 31, col 6 to line 31, col 24 of module AbstractMempoolSpecFinite: 565
@!@!@ENDMSG 2221 @!@!@
@!@!@STARTMSG 2221:0 @!@!@
  |line 31, col 6 to line 31, col 19 of module AbstractMempoolSpecFinite: 450
@!@!@ENDMSG 2221 @!@!@
@!@!@STARTMSG 2221:0 @!@!@
  |line 31, col 23 to line 31, col 24 of module AbstractMempoolSpecFinite: 450
@!@!@ENDMSG 2221 @!@!@
@!@!@STARTMSG 2221:0 @!@!@
  line 33, col 6 to line 33, col 30 of module AbstractMempoolSpecFinite: 115
@!@!@ENDMSG 2221 @!@!@
@!@!@STARTMSG 2221:0 @!@!@
  line 34, col 6 to line 34, col 79 of module AbstractMempoolSpecFinite: 115
@!@!@ENDMSG 2221 @!@!@
@!@!@STARTMSG 2772:0 @!@!@
<SomeNext line 43, col 1 to line 43, col 8 of module AbstractMempoolSpecFinite (44 16 44 32)>: 0:30
@!@!@ENDMSG 2772 @!@!@
@!@!@STARTMSG 2221:0 @!@!@
  line 44, col 16 to line 44, col 32 of module AbstractMempoolSpecFinite: 30
@!@!@ENDMSG 2221 @!@!@
@!@!@STARTMSG 2774:0 @!@!@
<inv_165960459924421000 line 10, col 1 to line 10, col 22 of module MC>
@!@!@ENDMSG 2774 @!@!@
@!@!@STARTMSG 2221:0 @!@!@
  line 11, col 1 to line 11, col 25 of module MC: 16
@!@!@ENDMSG 2221 @!@!@
@!@!@STARTMSG 2202:0 @!@!@
End of statistics.
@!@!@ENDMSG 2202 @!@!@
@!@!@STARTMSG 2200:0 @!@!@
Progress(4) at 2022-08-04 11:16:40: 82 states generated (4,650 s/min), 16 distinct states found (907 ds/min), 0 states left on queue.
@!@!@ENDMSG 2200 @!@!@
@!@!@STARTMSG 2199:0 @!@!@
82 states generated, 16 distinct states found, 0 states left on queue.
@!@!@ENDMSG 2199 @!@!@
@!@!@STARTMSG 2194:0 @!@!@
The depth of the complete state graph search is 4.
@!@!@ENDMSG 2194 @!@!@
@!@!@STARTMSG 2268:0 @!@!@
The average outdegree of the complete state graph is 1 (minimum is 0, the maximum 4 and the 95th percentile is 4).
@!@!@ENDMSG 2268 @!@!@
@!@!@STARTMSG 2186:0 @!@!@
Finished in 1062ms at (2022-08-04 11:16:40)
@!@!@ENDMSG 2186 @!@!@
