@!@!@STARTMSG 2262:0 @!@!@
TLC2 Version 2.16 of 31 December 2020 (rev: cdddf55)
@!@!@ENDMSG 2262 @!@!@
@!@!@STARTMSG 2187:0 @!@!@
Running breadth-first search Model-Checking with fp 119 and seed -302840329260876904 with 12 workers on 16 cores with 8505MB heap and 19128MB offheap memory [pid: 26626] (Linux 5.15.0-47-generic amd64, AdoptOpenJDK 14.0.1 x86_64, OffHeapDiskFPSet, DiskStateQueue).
@!@!@ENDMSG 2187 @!@!@
@!@!@STARTMSG 2220:0 @!@!@
Starting SANY...
@!@!@ENDMSG 2220 @!@!@
Parsing file /home/tobias/git/typhon/tla/MempoolSpecFinite.toolbox/ConsistencyCheckOfMempool/MC.tla
Parsing file /home/tobias/git/typhon/tla/MempoolSpecFinite.toolbox/ConsistencyCheckOfMempool/MempoolSpecFinite.tla
Parsing file /opt/TLA+Toolbox/plugins/org.lamport.tlatools_1.0.0.202012311918/tla2sany/StandardModules/TLC.tla
Parsing file /usr/local/lib/tlaps/FiniteSets.tla
Parsing file /opt/TLA+Toolbox/plugins/org.lamport.tlatools_1.0.0.202012311918/tla2sany/StandardModules/Integers.tla
Parsing file /home/tobias/git/typhon/tla/libs/Functions.tla
Parsing file /home/tobias/git/typhon/tla/MempoolSpecFinite.toolbox/ConsistencyCheckOfMempool/Quorums.tla
Parsing file /home/tobias/git/typhon/tla/MempoolSpecFinite.toolbox/ConsistencyCheckOfMempool/WorkersOfPrimaries.tla
Parsing file /opt/TLA+Toolbox/plugins/org.lamport.tlatools_1.0.0.202012311918/tla2sany/StandardModules/Naturals.tla
Parsing file /opt/TLA+Toolbox/plugins/org.lamport.tlatools_1.0.0.202012311918/tla2sany/StandardModules/Sequences.tla
Parsing file /home/tobias/git/typhon/tla/libs/Folds.tla
Semantic processing of module Naturals
Semantic processing of module Sequences
Semantic processing of module FiniteSets
Semantic processing of module Integers
Semantic processing of module Folds
Semantic processing of module Functions
Semantic processing of module TLC
Semantic processing of module Quorums
Semantic processing of module WorkersOfPrimaries
Semantic processing of module MempoolSpecFinite
Semantic processing of module MC
@!@!@STARTMSG 2219:0 @!@!@
SANY finished.
@!@!@ENDMSG 2219 @!@!@
@!@!@STARTMSG 2185:0 @!@!@
Starting... (2022-09-08 13:16:53)
@!@!@ENDMSG 2185 @!@!@
@!@!@STARTMSG 2212:0 @!@!@
Implied-temporal checking--satisfiability problem has 1 branches.
@!@!@ENDMSG 2212 @!@!@
@!@!@STARTMSG 2189:0 @!@!@
Computing initial states...
@!@!@ENDMSG 2189 @!@!@
@!@!@STARTMSG 2190:0 @!@!@
Finished computing initial states: 1 distinct state generated at 2022-09-08 13:17:09.
@!@!@ENDMSG 2190 @!@!@
@!@!@STARTMSG 2192:0 @!@!@
Checking temporal properties for the current state space with 51 total distinct states at (2022-09-08 13:18:51)
@!@!@ENDMSG 2192 @!@!@
@!@!@STARTMSG 2267:0 @!@!@
Finished checking temporal properties in 00s at 2022-09-08 13:18:52
@!@!@ENDMSG 2267 @!@!@
@!@!@STARTMSG 2200:0 @!@!@
Progress(4) at 2022-09-08 13:18:52: 806 states generated (806 s/min), 67 distinct states found (67 ds/min), 61 states left on queue.
@!@!@ENDMSG 2200 @!@!@
@!@!@STARTMSG 2200:0 @!@!@
Progress(5) at 2022-09-08 13:19:05: 3,284 states generated, 150 distinct states found, 0 states left on queue.
@!@!@ENDMSG 2200 @!@!@
@!@!@STARTMSG 2192:0 @!@!@
Checking temporal properties for the complete state space with 150 total distinct states at (2022-09-08 13:19:05)
@!@!@ENDMSG 2192 @!@!@
@!@!@STARTMSG 2267:0 @!@!@
Finished checking temporal properties in 00s at 2022-09-08 13:19:05
@!@!@ENDMSG 2267 @!@!@
@!@!@STARTMSG 2193:0 @!@!@
Model checking completed. No error has been found.
  Estimates of the probability that TLC did not check all reachable states
  because two distinct states had the same fingerprint:
  calculated (optimistic):  val = 2.5E-14
@!@!@ENDMSG 2193 @!@!@
@!@!@STARTMSG 2201:0 @!@!@
The coverage statistics at 2022-09-08 13:19:05
@!@!@ENDMSG 2201 @!@!@
@!@!@STARTMSG 2773:0 @!@!@
<Init line 129, col 1 to line 129, col 4 of module MempoolSpecFinite>: 1:1
@!@!@ENDMSG 2773 @!@!@
@!@!@STARTMSG 2221:0 @!@!@
  line 130, col 3 to line 131, col 35 of module MempoolSpecFinite: 1
@!@!@ENDMSG 2221 @!@!@
@!@!@STARTMSG 2772:0 @!@!@
<SomeNext line 178, col 1 to line 178, col 8 of module MempoolSpecFinite (179 6 182 28)>: 149:3832
@!@!@ENDMSG 2772 @!@!@
@!@!@STARTMSG 2221:0 @!@!@
  line 171, col 8 to line 171, col 44 of module MempoolSpecFinite: 13701276
@!@!@ENDMSG 2221 @!@!@
@!@!@STARTMSG 2221:0 @!@!@
  |line 171, col 8 to line 171, col 40 of module MempoolSpecFinite: 13697444
@!@!@ENDMSG 2221 @!@!@
@!@!@STARTMSG 2221:0 @!@!@
  ||line 171, col 20 to line 171, col 39 of module MempoolSpecFinite: 13697444
@!@!@ENDMSG 2221 @!@!@
@!@!@STARTMSG 2221:0 @!@!@
  |||line 150, col 25 to line 162, col 3 of module MempoolSpecFinite: 13697444
@!@!@ENDMSG 2221 @!@!@
@!@!@STARTMSG 2221:0 @!@!@
  ||||line 152, col 11 to line 152, col 19 of module MempoolSpecFinite: 54789776
@!@!@ENDMSG 2221 @!@!@
@!@!@STARTMSG 2221:0 @!@!@
  ||||line 153, col 20 to line 153, col 34 of module MempoolSpecFinite: 19040
@!@!@ENDMSG 2221 @!@!@
@!@!@STARTMSG 2221:0 @!@!@
  |||||line 153, col 26 to line 153, col 34 of module MempoolSpecFinite: 19040
@!@!@ENDMSG 2221 @!@!@
@!@!@STARTMSG 2221:0 @!@!@
  ||||||line 24, col 13 to line 24, col 37 of module Functions: 19040
@!@!@ENDMSG 2221 @!@!@
@!@!@STARTMSG 2221:0 @!@!@
  |||||||line 24, col 15 to line 24, col 18 of module Functions: 46480
@!@!@ENDMSG 2221 @!@!@
@!@!@STARTMSG 2221:0 @!@!@
  |||||||line 24, col 28 to line 24, col 35 of module Functions: 19040
@!@!@ENDMSG 2221 @!@!@
@!@!@STARTMSG 2221:0 @!@!@
  ||||||line 153, col 32 to line 153, col 33 of module MempoolSpecFinite: 19040
@!@!@ENDMSG 2221 @!@!@
@!@!@STARTMSG 2221:0 @!@!@
  ||||line 156, col 5 to line 161, col 70 of module MempoolSpecFinite: 54789776
@!@!@ENDMSG 2221 @!@!@
@!@!@STARTMSG 2221:0 @!@!@
  |||||line 156, col 8 to line 156, col 26 of module MempoolSpecFinite: 54789776
@!@!@ENDMSG 2221 @!@!@
@!@!@STARTMSG 2221:0 @!@!@
  |||||line 157, col 8 to line 157, col 50 of module MempoolSpecFinite: 54789776
@!@!@ENDMSG 2221 @!@!@
@!@!@STARTMSG 2221:0 @!@!@
  ||||||line 157, col 22 to line 157, col 50 of module MempoolSpecFinite: 58431232
@!@!@ENDMSG 2221 @!@!@
@!@!@STARTMSG 2221:0 @!@!@
  ||||||line 157, col 17 to line 157, col 18 of module MempoolSpecFinite: 54789776
@!@!@ENDMSG 2221 @!@!@
@!@!@STARTMSG 2221:0 @!@!@
  |||||line 159, col 8 to line 159, col 24 of module MempoolSpecFinite: 89216
@!@!@ENDMSG 2221 @!@!@
@!@!@STARTMSG 2221:0 @!@!@
  |||||line 160, col 8 to line 160, col 50 of module MempoolSpecFinite: 34136
@!@!@ENDMSG 2221 @!@!@
@!@!@STARTMSG 2221:0 @!@!@
  ||||||line 160, col 22 to line 160, col 50 of module MempoolSpecFinite: 112744
@!@!@ENDMSG 2221 @!@!@
@!@!@STARTMSG 2221:0 @!@!@
  |||||||line 160, col 22 to line 160, col 26 of module MempoolSpecFinite: 112744
@!@!@ENDMSG 2221 @!@!@
@!@!@STARTMSG 2221:0 @!@!@
  |||||||line 160, col 31 to line 160, col 50 of module MempoolSpecFinite: 78608
@!@!@ENDMSG 2221 @!@!@
@!@!@STARTMSG 2221:0 @!@!@
  ||||||line 160, col 17 to line 160, col 18 of module MempoolSpecFinite: 34136
@!@!@ENDMSG 2221 @!@!@
@!@!@STARTMSG 2221:0 @!@!@
  |||||line 161, col 8 to line 161, col 70 of module MempoolSpecFinite: 19040
@!@!@ENDMSG 2221 @!@!@
@!@!@STARTMSG 2221:0 @!@!@
  ||||||line 161, col 8 to line 161, col 59 of module MempoolSpecFinite: 19040
@!@!@ENDMSG 2221 @!@!@
@!@!@STARTMSG 2221:0 @!@!@
  |||||||line 161, col 8 to line 161, col 18 of module MempoolSpecFinite: 19040
@!@!@ENDMSG 2221 @!@!@
@!@!@STARTMSG 2221:0 @!@!@
  |||||||line 161, col 25 to line 161, col 59 of module MempoolSpecFinite: 19040
@!@!@ENDMSG 2221 @!@!@
@!@!@STARTMSG 2221:0 @!@!@
  ||||||||line 161, col 31 to line 161, col 59 of module MempoolSpecFinite: 19040
@!@!@ENDMSG 2221 @!@!@
@!@!@STARTMSG 2221:0 @!@!@
  |||||||||line 161, col 33 to line 161, col 44 of module MempoolSpecFinite: 61064
@!@!@ENDMSG 2221 @!@!@
@!@!@STARTMSG 2221:0 @!@!@
  |||||||||line 161, col 54 to line 161, col 57 of module MempoolSpecFinite: 19040
@!@!@ENDMSG 2221 @!@!@
@!@!@STARTMSG 2221:0 @!@!@
  ||||||line 161, col 63 to line 161, col 70 of module MempoolSpecFinite: 19040
@!@!@ENDMSG 2221 @!@!@
@!@!@STARTMSG 2221:0 @!@!@
  ||||line 150, col 33 to line 150, col 34 of module MempoolSpecFinite: 13697444
@!@!@ENDMSG 2221 @!@!@
@!@!@STARTMSG 2221:0 @!@!@
  |||line 171, col 37 to line 171, col 38 of module MempoolSpecFinite: 13697444
@!@!@ENDMSG 2221 @!@!@
@!@!@STARTMSG 2221:0 @!@!@
  line 173, col 11 to line 173, col 60 of module MempoolSpecFinite: 3832
@!@!@ENDMSG 2221 @!@!@
@!@!@STARTMSG 2221:0 @!@!@
  |line 173, col 24 to line 173, col 60 of module MempoolSpecFinite: 3832
@!@!@ENDMSG 2221 @!@!@
@!@!@STARTMSG 2221:0 @!@!@
  ||line 173, col 25 to line 173, col 33 of module MempoolSpecFinite: 3832
@!@!@ENDMSG 2221 @!@!@
@!@!@STARTMSG 2221:0 @!@!@
  ||line 173, col 42 to line 173, col 59 of module MempoolSpecFinite: 3832
@!@!@ENDMSG 2221 @!@!@
@!@!@STARTMSG 2221:0 @!@!@
  ||line 173, col 49 to line 173, col 59 of module MempoolSpecFinite: 3832
@!@!@ENDMSG 2221 @!@!@
@!@!@STARTMSG 2221:0 @!@!@
  |||line 169, col 20 to line 169, col 34 of module MempoolSpecFinite: 3832
@!@!@ENDMSG 2221 @!@!@
@!@!@STARTMSG 2221:0 @!@!@
  ||||line 169, col 26 to line 169, col 34 of module MempoolSpecFinite: 3832
@!@!@ENDMSG 2221 @!@!@
@!@!@STARTMSG 2221:0 @!@!@
  |||||line 24, col 13 to line 24, col 37 of module Functions: 3832
@!@!@ENDMSG 2221 @!@!@
@!@!@STARTMSG 2221:0 @!@!@
  ||||||line 24, col 15 to line 24, col 18 of module Functions: 8460
@!@!@ENDMSG 2221 @!@!@
@!@!@STARTMSG 2221:0 @!@!@
  ||||||line 24, col 28 to line 24, col 35 of module Functions: 3832
@!@!@ENDMSG 2221 @!@!@
@!@!@STARTMSG 2221:0 @!@!@
  |||||line 169, col 32 to line 169, col 33 of module MempoolSpecFinite: 3832
@!@!@ENDMSG 2221 @!@!@
@!@!@STARTMSG 2221:0 @!@!@
  line 172, col 17 to line 172, col 36 of module MempoolSpecFinite: 3832
@!@!@ENDMSG 2221 @!@!@
@!@!@STARTMSG 2775:0 @!@!@
  |line 150, col 25 to line 162, col 3 of module MempoolSpecFinite: 3832:7664
@!@!@ENDMSG 2775 @!@!@
@!@!@STARTMSG 2221:0 @!@!@
  ||line 152, col 11 to line 152, col 19 of module MempoolSpecFinite: 15328
@!@!@ENDMSG 2221 @!@!@
@!@!@STARTMSG 2221:0 @!@!@
  ||line 153, col 20 to line 153, col 34 of module MempoolSpecFinite: 3832
@!@!@ENDMSG 2221 @!@!@
@!@!@STARTMSG 2221:0 @!@!@
  |||line 153, col 26 to line 153, col 34 of module MempoolSpecFinite: 3832
@!@!@ENDMSG 2221 @!@!@
@!@!@STARTMSG 2221:0 @!@!@
  ||||line 24, col 13 to line 24, col 37 of module Functions: 3832
@!@!@ENDMSG 2221 @!@!@
@!@!@STARTMSG 2221:0 @!@!@
  |||||line 24, col 15 to line 24, col 18 of module Functions: 8460
@!@!@ENDMSG 2221 @!@!@
@!@!@STARTMSG 2221:0 @!@!@
  |||||line 24, col 28 to line 24, col 35 of module Functions: 3832
@!@!@ENDMSG 2221 @!@!@
@!@!@STARTMSG 2221:0 @!@!@
  ||||line 153, col 32 to line 153, col 33 of module MempoolSpecFinite: 3832
@!@!@ENDMSG 2221 @!@!@
@!@!@STARTMSG 2221:0 @!@!@
  ||line 156, col 5 to line 161, col 70 of module MempoolSpecFinite: 15328
@!@!@ENDMSG 2221 @!@!@
@!@!@STARTMSG 2221:0 @!@!@
  |||line 156, col 8 to line 156, col 26 of module MempoolSpecFinite: 15328
@!@!@ENDMSG 2221 @!@!@
@!@!@STARTMSG 2221:0 @!@!@
  |||line 157, col 8 to line 157, col 50 of module MempoolSpecFinite: 15328
@!@!@ENDMSG 2221 @!@!@
@!@!@STARTMSG 2221:0 @!@!@
  ||||line 157, col 22 to line 157, col 50 of module MempoolSpecFinite: 33840
@!@!@ENDMSG 2221 @!@!@
@!@!@STARTMSG 2221:0 @!@!@
  ||||line 157, col 17 to line 157, col 18 of module MempoolSpecFinite: 15328
@!@!@ENDMSG 2221 @!@!@
@!@!@STARTMSG 2221:0 @!@!@
  |||line 159, col 8 to line 159, col 24 of module MempoolSpecFinite: 15328
@!@!@ENDMSG 2221 @!@!@
@!@!@STARTMSG 2221:0 @!@!@
  |||line 160, col 8 to line 160, col 50 of module MempoolSpecFinite: 8048
@!@!@ENDMSG 2221 @!@!@
@!@!@STARTMSG 2221:0 @!@!@
  ||||line 160, col 22 to line 160, col 50 of module MempoolSpecFinite: 24632
@!@!@ENDMSG 2221 @!@!@
@!@!@STARTMSG 2221:0 @!@!@
  |||||line 160, col 22 to line 160, col 26 of module MempoolSpecFinite: 24632
@!@!@ENDMSG 2221 @!@!@
@!@!@STARTMSG 2221:0 @!@!@
  |||||line 160, col 31 to line 160, col 50 of module MempoolSpecFinite: 16584
@!@!@ENDMSG 2221 @!@!@
@!@!@STARTMSG 2221:0 @!@!@
  ||||line 160, col 17 to line 160, col 18 of module MempoolSpecFinite: 8048
@!@!@ENDMSG 2221 @!@!@
@!@!@STARTMSG 2221:0 @!@!@
  |||line 161, col 8 to line 161, col 70 of module MempoolSpecFinite: 3832
@!@!@ENDMSG 2221 @!@!@
@!@!@STARTMSG 2221:0 @!@!@
  ||||line 161, col 8 to line 161, col 59 of module MempoolSpecFinite: 3832
@!@!@ENDMSG 2221 @!@!@
@!@!@STARTMSG 2221:0 @!@!@
  |||||line 161, col 8 to line 161, col 18 of module MempoolSpecFinite: 3832
@!@!@ENDMSG 2221 @!@!@
@!@!@STARTMSG 2221:0 @!@!@
  |||||line 161, col 25 to line 161, col 59 of module MempoolSpecFinite: 3832
@!@!@ENDMSG 2221 @!@!@
@!@!@STARTMSG 2221:0 @!@!@
  ||||||line 161, col 31 to line 161, col 59 of module MempoolSpecFinite: 3832
@!@!@ENDMSG 2221 @!@!@
@!@!@STARTMSG 2221:0 @!@!@
  |||||||line 161, col 33 to line 161, col 44 of module MempoolSpecFinite: 11112
@!@!@ENDMSG 2221 @!@!@
@!@!@STARTMSG 2221:0 @!@!@
  |||||||line 161, col 54 to line 161, col 57 of module MempoolSpecFinite: 3832
@!@!@ENDMSG 2221 @!@!@
@!@!@STARTMSG 2221:0 @!@!@
  ||||line 161, col 63 to line 161, col 70 of module MempoolSpecFinite: 3832
@!@!@ENDMSG 2221 @!@!@
@!@!@STARTMSG 2221:0 @!@!@
  ||line 150, col 33 to line 150, col 34 of module MempoolSpecFinite: 3832
@!@!@ENDMSG 2221 @!@!@
@!@!@STARTMSG 2221:0 @!@!@
  |line 172, col 34 to line 172, col 35 of module MempoolSpecFinite: 3832
@!@!@ENDMSG 2221 @!@!@
@!@!@STARTMSG 2221:0 @!@!@
  line 174, col 8 to line 174, col 27 of module MempoolSpecFinite: 3832
@!@!@ENDMSG 2221 @!@!@
@!@!@STARTMSG 2221:0 @!@!@
  line 181, col 17 to line 181, col 18 of module MempoolSpecFinite: 13697444
@!@!@ENDMSG 2221 @!@!@
@!@!@STARTMSG 2775:0 @!@!@
  line 180, col 19 to line 180, col 40 of module MempoolSpecFinite: 2624:51567012
@!@!@ENDMSG 2775 @!@!@
@!@!@STARTMSG 2221:0 @!@!@
  line 179, col 19 to line 179, col 31 of module MempoolSpecFinite: 164
@!@!@ENDMSG 2221 @!@!@
@!@!@STARTMSG 2221:0 @!@!@
  line 182, col 9 to line 182, col 28 of module MempoolSpecFinite: 7664
@!@!@ENDMSG 2221 @!@!@
@!@!@STARTMSG 2772:0 @!@!@
<SomeNext line 178, col 1 to line 178, col 8 of module MempoolSpecFinite (183 6 184 25)>: 0:75
@!@!@ENDMSG 2772 @!@!@
@!@!@STARTMSG 2221:0 @!@!@
  line 134, col 9 to line 134, col 49 of module MempoolSpecFinite: 239
@!@!@ENDMSG 2221 @!@!@
@!@!@STARTMSG 2221:0 @!@!@
  |line 134, col 9 to line 134, col 41 of module MempoolSpecFinite: 164
@!@!@ENDMSG 2221 @!@!@
@!@!@STARTMSG 2221:0 @!@!@
  ||line 134, col 15 to line 134, col 41 of module MempoolSpecFinite: 164
@!@!@ENDMSG 2221 @!@!@
@!@!@STARTMSG 2221:0 @!@!@
  |||line 134, col 17 to line 134, col 28 of module MempoolSpecFinite: 656
@!@!@ENDMSG 2221 @!@!@
@!@!@STARTMSG 2221:0 @!@!@
  |||line 134, col 38 to line 134, col 39 of module MempoolSpecFinite: 164
@!@!@ENDMSG 2221 @!@!@
@!@!@STARTMSG 2221:0 @!@!@
  |line 134, col 45 to line 134, col 49 of module MempoolSpecFinite: 164
@!@!@ENDMSG 2221 @!@!@
@!@!@STARTMSG 2221:0 @!@!@
  line 184, col 9 to line 184, col 25 of module MempoolSpecFinite: 75
@!@!@ENDMSG 2221 @!@!@
@!@!@STARTMSG 2774:0 @!@!@
<inv_166263581275167000 line 54, col 1 to line 54, col 22 of module MC>
@!@!@ENDMSG 2774 @!@!@
@!@!@STARTMSG 2221:0 @!@!@
  line 55, col 1 to line 55, col 51 of module MC: 150
@!@!@ENDMSG 2221 @!@!@
@!@!@STARTMSG 2221:0 @!@!@
  |line 55, col 1 to line 55, col 33 of module MC: 150
@!@!@ENDMSG 2221 @!@!@
@!@!@STARTMSG 2775:0 @!@!@
  ||line 55, col 7 to line 55, col 33 of module MC: 150:646
@!@!@ENDMSG 2775 @!@!@
@!@!@STARTMSG 2221:0 @!@!@
  |||line 55, col 9 to line 55, col 20 of module MC: 600
@!@!@ENDMSG 2221 @!@!@
@!@!@STARTMSG 2221:0 @!@!@
  |||line 55, col 30 to line 55, col 31 of module MC: 150
@!@!@ENDMSG 2221 @!@!@
@!@!@STARTMSG 2221:0 @!@!@
  |line 55, col 45 to line 55, col 51 of module MC: 150
@!@!@ENDMSG 2221 @!@!@
@!@!@STARTMSG 2202:0 @!@!@
End of statistics.
@!@!@ENDMSG 2202 @!@!@
@!@!@STARTMSG 2200:0 @!@!@
Progress(5) at 2022-09-08 13:19:05: 3,284 states generated (1,479 s/min), 150 distinct states found (67 ds/min), 0 states left on queue.
@!@!@ENDMSG 2200 @!@!@
@!@!@STARTMSG 2199:0 @!@!@
3284 states generated, 150 distinct states found, 0 states left on queue.
@!@!@ENDMSG 2199 @!@!@
@!@!@STARTMSG 2194:0 @!@!@
The depth of the complete state graph search is 5.
@!@!@ENDMSG 2194 @!@!@
@!@!@STARTMSG 2268:0 @!@!@
The average outdegree of the complete state graph is 1 (minimum is 0, the maximum 15 and the 95th percentile is 3).
@!@!@ENDMSG 2268 @!@!@
@!@!@STARTMSG 2186:0 @!@!@
Finished in 133181ms at (2022-09-08 13:19:06)
@!@!@ENDMSG 2186 @!@!@
